TN:
SF:src/main/config-manager.js
FN:15,(anonymous_0)
FN:42,(anonymous_1)
FN:57,(anonymous_2)
FN:116,(anonymous_3)
FN:180,(anonymous_4)
FN:198,(anonymous_5)
FN:243,(anonymous_6)
FN:306,(anonymous_7)
FN:357,(anonymous_8)
FN:386,(anonymous_9)
FN:391,(anonymous_10)
FN:418,(anonymous_11)
FNF:12
FNH:10
FNDA:1,(anonymous_0)
FNDA:3,(anonymous_1)
FNDA:4,(anonymous_2)
FNDA:2,(anonymous_3)
FNDA:7,(anonymous_4)
FNDA:4,(anonymous_5)
FNDA:1,(anonymous_6)
FNDA:0,(anonymous_7)
FNDA:3,(anonymous_8)
FNDA:3,(anonymous_9)
FNDA:6,(anonymous_10)
FNDA:0,(anonymous_11)
DA:1,1
DA:2,1
DA:3,1
DA:4,1
DA:12,1
DA:16,1
DA:18,0
DA:21,1
DA:26,1
DA:29,1
DA:32,1
DA:33,1
DA:34,1
DA:37,1
DA:38,1
DA:39,1
DA:43,3
DA:44,3
DA:58,4
DA:59,4
DA:61,4
DA:62,4
DA:65,4
DA:68,3
DA:69,3
DA:71,2
DA:78,2
DA:79,2
DA:80,0
DA:83,2
DA:88,2
DA:95,2
DA:97,2
DA:99,2
DA:104,2
DA:106,2
DA:117,2
DA:119,2
DA:120,2
DA:123,2
DA:124,2
DA:125,0
DA:129,2
DA:130,2
DA:133,1
DA:143,1
DA:144,1
DA:146,1
DA:147,1
DA:158,1
DA:160,1
DA:161,1
DA:171,1
DA:181,7
DA:184,7
DA:185,1
DA:186,1
DA:190,6
DA:191,0
DA:195,6
DA:196,1
DA:198,5
DA:199,4
DA:200,0
DA:202,4
DA:203,0
DA:209,6
DA:210,1
DA:212,5
DA:213,0
DA:215,5
DA:216,0
DA:221,6
DA:222,5
DA:223,5
DA:224,5
DA:225,0
DA:227,5
DA:228,0
DA:233,6
DA:244,1
DA:245,1
DA:246,1
DA:247,1
DA:248,1
DA:249,1
DA:252,1
DA:253,1
DA:254,1
DA:256,0
DA:257,0
DA:259,0
DA:260,0
DA:261,0
DA:262,0
DA:264,0
DA:268,1
DA:271,1
DA:277,1
DA:286,1
DA:288,0
DA:298,0
DA:307,0
DA:358,3
DA:359,3
DA:360,3
DA:361,3
DA:364,3
DA:365,3
DA:366,7
DA:367,7
DA:368,6
DA:374,3
DA:377,0
DA:387,3
DA:388,3
DA:391,6
DA:394,3
DA:400,3
DA:403,3
DA:406,3
DA:407,3
DA:409,0
DA:419,0
DA:420,0
DA:421,0
DA:423,0
DA:425,0
DA:427,0
DA:428,0
DA:429,0
DA:430,0
DA:432,0
DA:433,0
DA:437,0
DA:438,0
DA:439,0
DA:444,0
DA:450,1
LF:139
LH:102
BRDA:16,0,0,0
BRDA:16,0,1,1
BRDA:43,1,0,2
BRDA:43,1,1,1
BRDA:79,2,0,0
BRDA:79,2,1,2
BRDA:124,3,0,0
BRDA:124,3,1,2
BRDA:184,4,0,1
BRDA:184,4,1,6
BRDA:190,5,0,0
BRDA:190,5,1,6
BRDA:190,6,0,6
BRDA:190,6,1,6
BRDA:195,7,0,1
BRDA:195,7,1,5
BRDA:199,8,0,0
BRDA:199,8,1,4
BRDA:199,9,0,4
BRDA:199,9,1,4
BRDA:202,10,0,0
BRDA:202,10,1,4
BRDA:202,11,0,4
BRDA:202,11,1,4
BRDA:209,12,0,1
BRDA:209,12,1,5
BRDA:209,13,0,6
BRDA:209,13,1,5
BRDA:212,14,0,0
BRDA:212,14,1,5
BRDA:215,15,0,0
BRDA:215,15,1,5
BRDA:221,16,0,5
BRDA:221,16,1,1
BRDA:222,17,0,5
BRDA:222,17,1,0
BRDA:224,18,0,0
BRDA:224,18,1,5
BRDA:224,19,0,5
BRDA:224,19,1,5
BRDA:227,20,0,0
BRDA:227,20,1,5
BRDA:227,21,0,5
BRDA:227,21,1,5
BRDA:249,22,0,1
BRDA:249,22,1,1
BRDA:274,23,0,1
BRDA:274,23,1,0
BRDA:313,24,0,0
BRDA:313,24,1,0
BRDA:428,25,0,0
BRDA:428,25,1,0
BRF:52
BRH:36
end_of_record
TN:
SF:src/main/debug-logger.js
FN:32,(anonymous_0)
FN:43,(anonymous_1)
FN:83,(anonymous_2)
FN:107,(anonymous_3)
FN:147,(anonymous_4)
FN:151,(anonymous_5)
FN:155,(anonymous_6)
FN:159,(anonymous_7)
FN:163,(anonymous_8)
FN:170,(anonymous_9)
FN:191,(anonymous_10)
FN:243,(anonymous_11)
FN:258,(anonymous_12)
FN:274,(anonymous_13)
FN:291,(anonymous_14)
FN:310,(anonymous_15)
FN:341,(anonymous_16)
FN:367,(anonymous_17)
FN:386,(anonymous_18)
FN:405,(anonymous_19)
FN:420,(anonymous_20)
FN:441,(anonymous_21)
FN:445,(anonymous_22)
FN:446,(anonymous_23)
FN:451,(anonymous_24)
FN:469,(anonymous_25)
FN:471,(anonymous_26)
FN:502,(anonymous_27)
FNF:28
FNH:18
FNDA:3,(anonymous_0)
FNDA:3,(anonymous_1)
FNDA:1,(anonymous_2)
FNDA:79,(anonymous_3)
FNDA:4,(anonymous_4)
FNDA:0,(anonymous_5)
FNDA:26,(anonymous_6)
FNDA:33,(anonymous_7)
FNDA:16,(anonymous_8)
FNDA:14,(anonymous_9)
FNDA:13,(anonymous_10)
FNDA:0,(anonymous_11)
FNDA:0,(anonymous_12)
FNDA:2,(anonymous_13)
FNDA:0,(anonymous_14)
FNDA:30,(anonymous_15)
FNDA:30,(anonymous_16)
FNDA:30,(anonymous_17)
FNDA:4,(anonymous_18)
FNDA:13,(anonymous_19)
FNDA:13,(anonymous_20)
FNDA:0,(anonymous_21)
FNDA:0,(anonymous_22)
FNDA:0,(anonymous_23)
FNDA:0,(anonymous_24)
FNDA:1,(anonymous_25)
FNDA:0,(anonymous_26)
FNDA:0,(anonymous_27)
DA:6,3
DA:7,3
DA:8,3
DA:12,3
DA:21,3
DA:24,3
DA:25,3
DA:28,3
DA:29,3
DA:32,3
DA:33,3
DA:34,3
DA:35,0
DA:37,3
DA:43,3
DA:44,3
DA:45,3
DA:48,0
DA:52,3
DA:53,3
DA:54,3
DA:57,3
DA:58,3
DA:61,3
DA:62,3
DA:63,3
DA:66,3
DA:67,3
DA:70,3
DA:71,3
DA:72,3
DA:75,3
DA:76,3
DA:77,3
DA:78,3
DA:84,1
DA:85,1
DA:86,1
DA:89,1
DA:98,1
DA:100,0
DA:108,79
DA:109,49
DA:112,30
DA:113,30
DA:115,30
DA:133,30
DA:136,30
DA:139,30
DA:140,4
DA:148,4
DA:152,0
DA:156,26
DA:160,33
DA:164,16
DA:171,14
DA:172,14
DA:174,14
DA:180,14
DA:185,14
DA:192,13
DA:193,13
DA:194,0
DA:195,0
DA:198,13
DA:199,13
DA:200,13
DA:202,13
DA:223,13
DA:225,0
DA:230,13
DA:234,13
DA:236,13
DA:237,13
DA:244,0
DA:245,0
DA:246,0
DA:247,0
DA:250,0
DA:251,0
DA:252,0
DA:259,0
DA:260,0
DA:262,0
DA:275,2
DA:285,2
DA:292,0
DA:303,0
DA:304,0
DA:311,30
DA:312,30
DA:314,30
DA:315,30
DA:317,30
DA:320,30
DA:321,30
DA:330,0
DA:342,30
DA:350,30
DA:351,30
DA:354,30
DA:358,30
DA:368,30
DA:370,30
DA:371,0
DA:372,0
DA:375,0
DA:387,4
DA:389,4
DA:390,0
DA:391,0
DA:394,0
DA:406,13
DA:407,13
DA:408,13
DA:411,13
DA:413,0
DA:421,13
DA:422,13
DA:423,13
DA:424,0
DA:425,0
DA:427,0
DA:428,0
DA:431,0
DA:434,0
DA:442,0
DA:443,0
DA:444,0
DA:445,0
DA:446,0
DA:451,0
DA:454,0
DA:455,0
DA:456,0
DA:457,0
DA:458,0
DA:462,0
DA:471,1
DA:472,0
DA:473,0
DA:479,0
DA:480,0
DA:488,0
DA:489,0
DA:493,1
DA:503,0
DA:513,3
LF:148
LH:95
BRDA:34,0,0,0
BRDA:34,0,1,3
BRDA:34,1,0,3
BRDA:34,1,1,0
BRDA:37,2,0,0
BRDA:37,2,1,3
BRDA:107,3,0,0
BRDA:107,4,0,0
BRDA:108,5,0,49
BRDA:108,5,1,30
BRDA:113,6,0,30
BRDA:113,6,1,30
BRDA:139,7,0,4
BRDA:139,7,1,26
BRDA:147,8,0,0
BRDA:147,9,0,4
BRDA:151,10,0,0
BRDA:151,11,0,0
BRDA:155,12,0,0
BRDA:155,13,0,26
BRDA:159,14,0,0
BRDA:159,15,0,33
BRDA:163,16,0,0
BRDA:163,17,0,16
BRDA:191,18,0,9
BRDA:193,19,0,0
BRDA:193,19,1,13
BRDA:223,20,0,0
BRDA:223,20,1,13
BRDA:245,21,0,0
BRDA:245,21,1,0
BRDA:258,22,0,0
BRDA:260,23,0,0
BRDA:260,23,1,0
BRDA:266,24,0,0
BRDA:266,24,1,0
BRDA:274,25,0,0
BRDA:291,26,0,0
BRDA:310,27,0,0
BRDA:314,28,0,30
BRDA:314,28,1,0
BRDA:317,29,0,30
BRDA:317,29,1,0
BRDA:320,30,0,30
BRDA:320,30,1,0
BRDA:322,31,0,30
BRDA:322,31,1,0
BRDA:323,32,0,30
BRDA:323,32,1,0
BRDA:323,32,2,0
BRDA:324,33,0,30
BRDA:324,33,1,0
BRDA:324,33,2,0
BRDA:325,34,0,30
BRDA:325,34,1,0
BRDA:325,34,2,0
BRDA:351,35,0,30
BRDA:351,35,1,0
BRDA:354,36,0,30
BRDA:354,36,1,0
BRDA:370,37,0,0
BRDA:370,37,1,30
BRDA:370,38,0,30
BRDA:370,38,1,0
BRDA:389,39,0,0
BRDA:389,39,1,4
BRDA:389,40,0,4
BRDA:389,40,1,0
BRDA:423,41,0,0
BRDA:423,41,1,13
BRDA:454,42,0,0
BRDA:454,42,1,0
BRDA:479,43,0,0
BRDA:479,43,1,0
BRDA:488,44,0,0
BRDA:488,44,1,0
BRF:76
BRH:30
end_of_record
TN:
SF:src/main/file-operations.js
FN:33,(anonymous_0)
FN:48,(anonymous_1)
FN:95,(anonymous_2)
FN:145,(anonymous_3)
FN:198,(anonymous_4)
FN:247,(anonymous_5)
FN:288,(anonymous_6)
FN:312,(anonymous_7)
FN:319,(anonymous_8)
FN:330,(anonymous_9)
FN:383,(anonymous_10)
FN:434,(anonymous_11)
FN:470,(anonymous_12)
FN:481,(anonymous_13)
FN:482,(anonymous_14)
FN:496,(anonymous_15)
FN:515,(anonymous_16)
FNF:17
FNH:0
FNDA:0,(anonymous_0)
FNDA:0,(anonymous_1)
FNDA:0,(anonymous_2)
FNDA:0,(anonymous_3)
FNDA:0,(anonymous_4)
FNDA:0,(anonymous_5)
FNDA:0,(anonymous_6)
FNDA:0,(anonymous_7)
FNDA:0,(anonymous_8)
FNDA:0,(anonymous_9)
FNDA:0,(anonymous_10)
FNDA:0,(anonymous_11)
FNDA:0,(anonymous_12)
FNDA:0,(anonymous_13)
FNDA:0,(anonymous_14)
FNDA:0,(anonymous_15)
FNDA:0,(anonymous_16)
DA:1,0
DA:2,0
DA:3,0
DA:4,0
DA:12,0
DA:13,0
DA:16,0
DA:28,0
DA:29,0
DA:30,0
DA:34,0
DA:35,0
DA:49,0
DA:50,0
DA:52,0
DA:53,0
DA:55,0
DA:62,0
DA:63,0
DA:67,0
DA:68,0
DA:71,0
DA:72,0
DA:76,0
DA:78,0
DA:80,0
DA:84,0
DA:86,0
DA:96,0
DA:97,0
DA:99,0
DA:100,0
DA:102,0
DA:112,0
DA:113,0
DA:117,0
DA:118,0
DA:121,0
DA:122,0
DA:126,0
DA:128,0
DA:130,0
DA:131,0
DA:136,0
DA:146,0
DA:147,0
DA:149,0
DA:150,0
DA:152,0
DA:163,0
DA:164,0
DA:168,0
DA:169,0
DA:172,0
DA:173,0
DA:177,0
DA:179,0
DA:181,0
DA:185,0
DA:187,0
DA:199,0
DA:200,0
DA:201,0
DA:203,0
DA:204,0
DA:211,0
DA:214,0
DA:216,0
DA:224,0
DA:229,0
DA:231,0
DA:237,0
DA:239,0
DA:248,0
DA:249,0
DA:251,0
DA:252,0
DA:253,0
DA:256,0
DA:257,0
DA:260,0
DA:262,0
DA:263,0
DA:265,0
DA:267,0
DA:268,0
DA:269,0
DA:276,0
DA:289,0
DA:291,0
DA:293,0
DA:299,0
DA:300,0
DA:301,0
DA:305,0
DA:314,0
DA:315,0
DA:318,0
DA:319,0
DA:320,0
DA:321,0
DA:331,0
DA:332,0
DA:334,0
DA:335,0
DA:338,0
DA:341,0
DA:342,0
DA:343,0
DA:348,0
DA:355,0
DA:357,0
DA:364,0
DA:366,0
DA:371,0
DA:373,0
DA:384,0
DA:385,0
DA:387,0
DA:388,0
DA:394,0
DA:397,0
DA:398,0
DA:400,0
DA:403,0
DA:405,0
DA:411,0
DA:416,0
DA:422,0
DA:424,0
DA:435,0
DA:437,0
DA:438,0
DA:440,0
DA:442,0
DA:443,0
DA:444,0
DA:446,0
DA:450,0
DA:452,0
DA:454,0
DA:456,0
DA:457,0
DA:461,0
DA:471,0
DA:472,0
DA:474,0
DA:481,0
DA:482,0
DA:486,0
DA:497,0
DA:498,0
DA:499,0
DA:502,0
DA:504,0
DA:506,0
DA:516,0
DA:518,0
DA:519,0
DA:522,0
DA:525,0
DA:526,0
DA:529,0
DA:531,0
DA:532,0
DA:541,0
DA:542,0
DA:552,0
DA:557,0
LF:169
LH:0
BRDA:34,0,0,0
BRDA:34,0,1,0
BRDA:62,1,0,0
BRDA:62,1,1,0
BRDA:112,2,0,0
BRDA:112,2,1,0
BRDA:112,3,0,0
BRDA:112,3,1,0
BRDA:163,4,0,0
BRDA:163,4,1,0
BRDA:198,5,0,0
BRDA:198,6,0,0
BRDA:256,7,0,0
BRDA:256,7,1,0
BRDA:260,8,0,0
BRDA:260,8,1,0
BRDA:263,9,0,0
BRDA:263,9,1,0
BRDA:265,10,0,0
BRDA:265,10,1,0
BRDA:268,11,0,0
BRDA:268,11,1,0
BRDA:300,12,0,0
BRDA:300,12,1,0
BRDA:314,13,0,0
BRDA:314,13,1,0
BRDA:314,14,0,0
BRDA:314,14,1,0
BRDA:321,15,0,0
BRDA:321,15,1,0
BRDA:342,16,0,0
BRDA:342,16,1,0
BRDA:434,17,0,0
BRDA:440,18,0,0
BRDA:440,18,1,0
BRDA:450,19,0,0
BRDA:450,19,1,0
BRDA:456,20,0,0
BRDA:456,20,1,0
BRDA:458,21,0,0
BRDA:458,21,1,0
BRF:41
BRH:0
end_of_record
TN:
SF:src/main/file-search-engine.js
FN:36,(anonymous_0)
FN:52,(anonymous_1)
FN:118,(anonymous_2)
FN:137,(anonymous_3)
FN:142,(anonymous_4)
FN:150,(anonymous_5)
FN:166,(anonymous_6)
FN:204,(anonymous_7)
FN:226,(anonymous_8)
FN:275,(anonymous_9)
FN:277,(anonymous_10)
FN:288,(anonymous_11)
FN:297,(anonymous_12)
FN:309,(anonymous_13)
FN:316,(anonymous_14)
FN:321,(anonymous_15)
FNF:16
FNH:14
FNDA:10,(anonymous_0)
FNDA:10,(anonymous_1)
FNDA:10,(anonymous_2)
FNDA:9,(anonymous_3)
FNDA:3,(anonymous_4)
FNDA:71,(anonymous_5)
FNDA:634,(anonymous_6)
FNDA:67,(anonymous_7)
FNDA:556,(anonymous_8)
FNDA:78,(anonymous_9)
FNDA:1264,(anonymous_10)
FNDA:556,(anonymous_11)
FNDA:71,(anonymous_12)
FNDA:1,(anonymous_13)
FNDA:0,(anonymous_14)
FNDA:0,(anonymous_15)
DA:1,1
DA:2,1
DA:3,1
DA:4,1
DA:7,1
DA:30,1
DA:31,1
DA:32,1
DA:33,1
DA:37,10
DA:38,10
DA:39,10
DA:40,10
DA:41,10
DA:42,10
DA:43,10
DA:44,10
DA:53,10
DA:55,10
DA:57,10
DA:66,10
DA:69,10
DA:77,10
DA:80,10
DA:83,9
DA:86,9
DA:87,9
DA:90,9
DA:91,9
DA:93,9
DA:101,9
DA:106,1
DA:112,1
DA:114,10
DA:119,10
DA:120,10
DA:121,9
DA:122,0
DA:126,9
DA:128,1
DA:129,1
DA:130,0
DA:131,0
DA:133,0
DA:138,9
DA:139,7
DA:142,2
DA:144,3
DA:146,3
DA:152,71
DA:153,0
DA:156,71
DA:157,71
DA:158,70
DA:161,70
DA:162,70
DA:163,71
DA:165,71
DA:167,634
DA:169,634
DA:170,634
DA:172,78
DA:173,62
DA:175,16
DA:180,556
DA:182,556
DA:186,0
DA:191,0
DA:200,71
DA:203,71
DA:204,67
DA:208,1
DA:210,1
DA:215,1
DA:221,0
DA:227,556
DA:229,556
DA:230,8
DA:234,548
DA:236,548
DA:237,0
DA:238,0
DA:243,0
DA:247,548
DA:248,548
DA:250,0
DA:251,0
DA:255,0
DA:259,548
DA:266,548
DA:268,0
DA:277,78
DA:279,1264
DA:281,248
DA:282,248
DA:284,1016
DA:289,556
DA:290,542
DA:293,14
DA:294,14
DA:298,71
DA:299,71
DA:300,9
DA:305,9
DA:310,1
DA:311,0
DA:312,0
DA:317,0
DA:318,0
DA:322,0
DA:326,1
LF:111
LH:91
BRDA:36,0,0,10
BRDA:38,1,0,10
BRDA:38,1,1,10
BRDA:39,2,0,10
BRDA:39,2,1,10
BRDA:40,3,0,10
BRDA:40,3,1,10
BRDA:52,4,0,0
BRDA:52,5,0,10
BRDA:91,6,0,9
BRDA:91,6,1,0
BRDA:98,7,0,9
BRDA:98,7,1,0
BRDA:121,8,0,0
BRDA:121,8,1,9
BRDA:128,9,0,1
BRDA:128,9,1,0
BRDA:130,10,0,0
BRDA:130,10,1,0
BRDA:138,11,0,7
BRDA:138,11,1,2
BRDA:138,12,0,9
BRDA:138,12,1,9
BRDA:146,13,0,3
BRDA:146,13,1,0
BRDA:150,14,0,9
BRDA:152,15,0,0
BRDA:152,15,1,71
BRDA:170,16,0,78
BRDA:170,16,1,556
BRDA:172,17,0,62
BRDA:172,17,1,16
BRDA:180,18,0,556
BRDA:180,18,1,0
BRDA:203,19,0,67
BRDA:203,19,1,4
BRDA:208,20,0,1
BRDA:208,20,1,0
BRDA:208,21,0,1
BRDA:208,21,1,0
BRDA:229,22,0,8
BRDA:229,22,1,548
BRDA:236,23,0,0
BRDA:236,23,1,548
BRDA:279,24,0,248
BRDA:279,24,1,1016
BRDA:284,25,0,1016
BRDA:284,25,1,1000
BRDA:289,26,0,542
BRDA:289,26,1,14
BRDA:289,27,0,556
BRDA:289,27,1,556
BRDA:299,28,0,9
BRDA:299,28,1,62
BRDA:310,29,0,0
BRDA:310,29,1,1
BRF:56
BRH:42
end_of_record
TN:
SF:src/main/main.js
FN:21,(anonymous_0)
FN:37,(anonymous_1)
FN:106,(anonymous_2)
FN:176,(anonymous_3)
FN:241,(anonymous_4)
FN:247,(anonymous_5)
FN:288,(anonymous_6)
FN:292,(anonymous_7)
FN:297,(anonymous_8)
FN:312,(anonymous_9)
FN:326,(anonymous_10)
FN:343,(anonymous_11)
FN:347,(anonymous_12)
FN:363,(anonymous_13)
FN:381,(anonymous_14)
FN:416,(anonymous_15)
FN:433,(anonymous_16)
FN:465,(anonymous_17)
FN:497,(anonymous_18)
FN:516,(anonymous_19)
FN:539,(anonymous_20)
FN:562,(anonymous_21)
FN:623,(anonymous_22)
FN:651,(anonymous_23)
FN:675,(anonymous_24)
FN:702,(anonymous_25)
FN:715,(anonymous_26)
FN:740,(anonymous_27)
FN:760,(anonymous_28)
FN:779,(anonymous_29)
FN:796,(anonymous_30)
FN:800,(anonymous_31)
FN:804,(anonymous_32)
FN:808,(anonymous_33)
FN:836,(anonymous_34)
FN:863,(anonymous_35)
FN:894,(anonymous_36)
FN:913,(anonymous_37)
FN:932,(anonymous_38)
FN:953,(anonymous_39)
FN:972,(anonymous_40)
FN:978,(anonymous_41)
FN:1013,(anonymous_42)
FN:1037,(anonymous_43)
FN:1062,(anonymous_44)
FN:1100,(anonymous_45)
FN:1132,(anonymous_46)
FNF:47
FNH:0
FNDA:0,(anonymous_0)
FNDA:0,(anonymous_1)
FNDA:0,(anonymous_2)
FNDA:0,(anonymous_3)
FNDA:0,(anonymous_4)
FNDA:0,(anonymous_5)
FNDA:0,(anonymous_6)
FNDA:0,(anonymous_7)
FNDA:0,(anonymous_8)
FNDA:0,(anonymous_9)
FNDA:0,(anonymous_10)
FNDA:0,(anonymous_11)
FNDA:0,(anonymous_12)
FNDA:0,(anonymous_13)
FNDA:0,(anonymous_14)
FNDA:0,(anonymous_15)
FNDA:0,(anonymous_16)
FNDA:0,(anonymous_17)
FNDA:0,(anonymous_18)
FNDA:0,(anonymous_19)
FNDA:0,(anonymous_20)
FNDA:0,(anonymous_21)
FNDA:0,(anonymous_22)
FNDA:0,(anonymous_23)
FNDA:0,(anonymous_24)
FNDA:0,(anonymous_25)
FNDA:0,(anonymous_26)
FNDA:0,(anonymous_27)
FNDA:0,(anonymous_28)
FNDA:0,(anonymous_29)
FNDA:0,(anonymous_30)
FNDA:0,(anonymous_31)
FNDA:0,(anonymous_32)
FNDA:0,(anonymous_33)
FNDA:0,(anonymous_34)
FNDA:0,(anonymous_35)
FNDA:0,(anonymous_36)
FNDA:0,(anonymous_37)
FNDA:0,(anonymous_38)
FNDA:0,(anonymous_39)
FNDA:0,(anonymous_40)
FNDA:0,(anonymous_41)
FNDA:0,(anonymous_42)
FNDA:0,(anonymous_43)
FNDA:0,(anonymous_44)
FNDA:0,(anonymous_45)
FNDA:0,(anonymous_46)
DA:1,0
DA:2,0
DA:4,0
DA:5,0
DA:6,0
DA:7,0
DA:8,0
DA:9,0
DA:10,0
DA:11,0
DA:14,0
DA:22,0
DA:23,0
DA:24,0
DA:25,0
DA:26,0
DA:27,0
DA:28,0
DA:29,0
DA:39,0
DA:40,0
DA:43,0
DA:44,0
DA:47,0
DA:49,0
DA:52,0
DA:55,0
DA:67,0
DA:68,0
DA:71,0
DA:77,0
DA:79,0
DA:80,0
DA:81,0
DA:84,0
DA:85,0
DA:86,0
DA:89,0
DA:90,0
DA:91,0
DA:93,0
DA:95,0
DA:99,0
DA:107,0
DA:108,0
DA:109,0
DA:123,0
DA:124,0
DA:127,0
DA:128,0
DA:130,0
DA:131,0
DA:151,0
DA:153,0
DA:158,0
DA:159,0
DA:169,0
DA:177,0
DA:178,0
DA:180,0
DA:181,0
DA:204,0
DA:205,0
DA:208,0
DA:210,0
DA:218,0
DA:219,0
DA:220,0
DA:222,0
DA:229,0
DA:241,0
DA:242,0
DA:243,0
DA:247,0
DA:248,0
DA:251,0
DA:252,0
DA:253,0
DA:257,0
DA:258,0
DA:262,0
DA:268,0
DA:272,0
DA:274,0
DA:275,0
DA:277,0
DA:281,0
DA:289,0
DA:292,0
DA:293,0
DA:294,0
DA:297,0
DA:298,0
DA:299,0
DA:300,0
DA:301,0
DA:302,0
DA:304,0
DA:305,0
DA:306,0
DA:312,0
DA:313,0
DA:316,0
DA:319,0
DA:320,0
DA:321,0
DA:326,0
DA:327,0
DA:330,0
DA:333,0
DA:334,0
DA:337,0
DA:344,0
DA:347,0
DA:348,0
DA:349,0
DA:350,0
DA:351,0
DA:353,0
DA:354,0
DA:357,0
DA:358,0
DA:363,0
DA:364,0
DA:365,0
DA:367,0
DA:368,0
DA:370,0
DA:376,0
DA:377,0
DA:381,0
DA:382,0
DA:383,0
DA:385,0
DA:386,0
DA:387,0
DA:389,0
DA:394,0
DA:402,0
DA:403,0
DA:404,0
DA:406,0
DA:410,0
DA:411,0
DA:416,0
DA:417,0
DA:418,0
DA:420,0
DA:427,0
DA:428,0
DA:429,0
DA:433,0
DA:434,0
DA:435,0
DA:437,0
DA:439,0
DA:440,0
DA:441,0
DA:443,0
DA:444,0
DA:445,0
DA:446,0
DA:450,0
DA:451,0
DA:452,0
DA:453,0
DA:455,0
DA:460,0
DA:461,0
DA:465,0
DA:466,0
DA:467,0
DA:469,0
DA:471,0
DA:472,0
DA:473,0
DA:475,0
DA:476,0
DA:477,0
DA:478,0
DA:482,0
DA:483,0
DA:484,0
DA:485,0
DA:487,0
DA:492,0
DA:493,0
DA:497,0
DA:498,0
DA:499,0
DA:501,0
DA:502,0
DA:503,0
DA:504,0
DA:505,0
DA:507,0
DA:511,0
DA:512,0
DA:516,0
DA:517,0
DA:518,0
DA:520,0
DA:521,0
DA:522,0
DA:523,0
DA:527,0
DA:529,0
DA:533,0
DA:534,0
DA:539,0
DA:540,0
DA:541,0
DA:543,0
DA:544,0
DA:545,0
DA:546,0
DA:550,0
DA:552,0
DA:556,0
DA:557,0
DA:562,0
DA:563,0
DA:564,0
DA:566,0
DA:567,0
DA:570,0
DA:571,0
DA:574,0
DA:576,0
DA:577,0
DA:578,0
DA:580,0
DA:586,0
DA:587,0
DA:591,0
DA:596,0
DA:599,0
DA:605,0
DA:610,0
DA:613,0
DA:618,0
DA:619,0
DA:623,0
DA:624,0
DA:625,0
DA:627,0
DA:628,0
DA:633,0
DA:634,0
DA:639,0
DA:641,0
DA:646,0
DA:647,0
DA:651,0
DA:652,0
DA:653,0
DA:655,0
DA:656,0
DA:657,0
DA:658,0
DA:663,0
DA:665,0
DA:670,0
DA:671,0
DA:675,0
DA:676,0
DA:677,0
DA:679,0
DA:680,0
DA:684,0
DA:685,0
DA:689,0
DA:691,0
DA:696,0
DA:697,0
DA:702,0
DA:703,0
DA:704,0
DA:706,0
DA:707,0
DA:714,0
DA:715,0
DA:716,0
DA:719,0
DA:721,0
DA:727,0
DA:729,0
DA:734,0
DA:735,0
DA:740,0
DA:741,0
DA:742,0
DA:744,0
DA:745,0
DA:746,0
DA:747,0
DA:748,0
DA:750,0
DA:754,0
DA:755,0
DA:760,0
DA:761,0
DA:762,0
DA:764,0
DA:765,0
DA:766,0
DA:767,0
DA:769,0
DA:773,0
DA:774,0
DA:779,0
DA:780,0
DA:781,0
DA:783,0
DA:784,0
DA:791,0
DA:792,0
DA:793,0
DA:794,0
DA:796,0
DA:797,0
DA:800,0
DA:801,0
DA:804,0
DA:805,0
DA:808,0
DA:809,0
DA:813,0
DA:815,0
DA:817,0
DA:823,0
DA:825,0
DA:830,0
DA:831,0
DA:836,0
DA:837,0
DA:838,0
DA:840,0
DA:841,0
DA:842,0
DA:844,0
DA:850,0
DA:852,0
DA:857,0
DA:858,0
DA:863,0
DA:864,0
DA:865,0
DA:867,0
DA:868,0
DA:874,0
DA:876,0
DA:881,0
DA:883,0
DA:888,0
DA:889,0
DA:894,0
DA:895,0
DA:896,0
DA:898,0
DA:899,0
DA:900,0
DA:901,0
DA:903,0
DA:907,0
DA:908,0
DA:913,0
DA:914,0
DA:915,0
DA:917,0
DA:918,0
DA:919,0
DA:920,0
DA:922,0
DA:926,0
DA:927,0
DA:932,0
DA:933,0
DA:934,0
DA:936,0
DA:937,0
DA:943,0
DA:950,0
DA:951,0
DA:953,0
DA:960,0
DA:966,0
DA:971,0
DA:972,0
DA:973,0
DA:978,0
DA:979,0
DA:981,0
DA:986,0
DA:998,0
DA:999,0
DA:1000,0
DA:1002,0
DA:1007,0
DA:1008,0
DA:1013,0
DA:1014,0
DA:1015,0
DA:1017,0
DA:1018,0
DA:1025,0
DA:1026,0
DA:1028,0
DA:1032,0
DA:1033,0
DA:1037,0
DA:1038,0
DA:1039,0
DA:1041,0
DA:1042,0
DA:1043,0
DA:1046,0
DA:1047,0
DA:1049,0
DA:1050,0
DA:1051,0
DA:1053,0
DA:1057,0
DA:1058,0
DA:1062,0
DA:1063,0
DA:1064,0
DA:1066,0
DA:1067,0
DA:1068,0
DA:1071,0
DA:1075,0
DA:1077,0
DA:1083,0
DA:1085,0
DA:1089,0
DA:1090,0
DA:1094,0
DA:1101,0
DA:1103,0
DA:1104,0
DA:1105,0
DA:1109,0
DA:1117,0
DA:1123,0
DA:1128,0
DA:1131,0
DA:1132,0
DA:1133,0
DA:1139,0
DA:1140,0
DA:1142,0
LF:452
LH:0
BRDA:108,0,0,0
BRDA:108,0,1,0
BRDA:130,1,0,0
BRDA:130,1,1,0
BRDA:158,2,0,0
BRDA:158,2,1,0
BRDA:251,3,0,0
BRDA:251,3,1,0
BRDA:299,4,0,0
BRDA:299,4,1,0
BRDA:302,5,0,0
BRDA:302,5,1,0
BRDA:319,6,0,0
BRDA:319,6,1,0
BRDA:349,7,0,0
BRDA:349,7,1,0
BRDA:349,8,0,0
BRDA:349,8,1,0
BRDA:439,9,0,0
BRDA:439,9,1,0
BRDA:443,10,0,0
BRDA:443,10,1,0
BRDA:471,11,0,0
BRDA:471,11,1,0
BRDA:475,12,0,0
BRDA:475,12,1,0
BRDA:586,13,0,0
BRDA:586,13,1,0
BRDA:702,14,0,0
BRDA:779,15,0,0
BRDA:863,16,0,0
BRDA:940,17,0,0
BRDA:940,17,1,0
BRDA:953,18,0,0
BRDA:953,18,1,0
BRDA:962,19,0,0
BRDA:962,19,1,0
BRDA:963,20,0,0
BRDA:963,20,1,0
BRDA:967,21,0,0
BRDA:967,21,1,0
BRDA:978,22,0,0
BRDA:978,22,1,0
BRDA:989,23,0,0
BRDA:989,23,1,0
BRDA:990,24,0,0
BRDA:990,24,1,0
BRDA:991,25,0,0
BRDA:991,25,1,0
BRDA:992,26,0,0
BRDA:992,26,1,0
BRDA:993,27,0,0
BRDA:993,27,1,0
BRDA:995,28,0,0
BRDA:995,28,1,0
BRDA:1019,29,0,0
BRDA:1019,29,1,0
BRDA:1022,30,0,0
BRDA:1022,30,1,0
BRDA:1042,31,0,0
BRDA:1042,31,1,0
BRDA:1067,32,0,0
BRDA:1067,32,1,0
BRDA:1103,33,0,0
BRDA:1103,33,1,0
BRDA:1131,34,0,0
BRDA:1131,34,1,0
BRF:67
BRH:0
end_of_record
TN:
SF:src/main/memory-manager.js
FN:7,(anonymous_0)
FN:53,(anonymous_1)
FN:97,(anonymous_2)
FN:106,(anonymous_3)
FN:111,(anonymous_4)
FN:116,(anonymous_5)
FN:128,(anonymous_6)
FN:130,(anonymous_7)
FN:139,(anonymous_8)
FN:166,(anonymous_9)
FN:210,(anonymous_10)
FN:252,(anonymous_11)
FN:272,(anonymous_12)
FN:289,(anonymous_13)
FN:299,(anonymous_14)
FN:319,(anonymous_15)
FN:343,(anonymous_16)
FN:363,(anonymous_17)
FN:372,(anonymous_18)
FN:406,(anonymous_19)
FN:435,(anonymous_20)
FN:466,(anonymous_21)
FN:484,(anonymous_22)
FN:495,(anonymous_23)
FN:505,(anonymous_24)
FN:519,(anonymous_25)
FN:530,(anonymous_26)
FN:536,(anonymous_27)
FN:545,(anonymous_28)
FN:552,(anonymous_29)
FN:555,(anonymous_30)
FN:567,(anonymous_31)
FN:571,(anonymous_32)
FN:584,(anonymous_33)
FN:591,(anonymous_34)
FN:607,(anonymous_35)
FN:616,(anonymous_36)
FN:617,(anonymous_37)
FN:627,(anonymous_38)
FN:645,(anonymous_39)
FN:657,(anonymous_40)
FN:669,(anonymous_41)
FN:681,(anonymous_42)
FN:708,(anonymous_43)
FN:716,(anonymous_44)
FN:724,(anonymous_45)
FN:732,(anonymous_46)
FN:745,(anonymous_47)
FN:763,(anonymous_48)
FN:768,(anonymous_49)
FN:775,(anonymous_50)
FN:782,(anonymous_51)
FN:798,(anonymous_52)
FNF:53
FNH:0
FNDA:0,(anonymous_0)
FNDA:0,(anonymous_1)
FNDA:0,(anonymous_2)
FNDA:0,(anonymous_3)
FNDA:0,(anonymous_4)
FNDA:0,(anonymous_5)
FNDA:0,(anonymous_6)
FNDA:0,(anonymous_7)
FNDA:0,(anonymous_8)
FNDA:0,(anonymous_9)
FNDA:0,(anonymous_10)
FNDA:0,(anonymous_11)
FNDA:0,(anonymous_12)
FNDA:0,(anonymous_13)
FNDA:0,(anonymous_14)
FNDA:0,(anonymous_15)
FNDA:0,(anonymous_16)
FNDA:0,(anonymous_17)
FNDA:0,(anonymous_18)
FNDA:0,(anonymous_19)
FNDA:0,(anonymous_20)
FNDA:0,(anonymous_21)
FNDA:0,(anonymous_22)
FNDA:0,(anonymous_23)
FNDA:0,(anonymous_24)
FNDA:0,(anonymous_25)
FNDA:0,(anonymous_26)
FNDA:0,(anonymous_27)
FNDA:0,(anonymous_28)
FNDA:0,(anonymous_29)
FNDA:0,(anonymous_30)
FNDA:0,(anonymous_31)
FNDA:0,(anonymous_32)
FNDA:0,(anonymous_33)
FNDA:0,(anonymous_34)
FNDA:0,(anonymous_35)
FNDA:0,(anonymous_36)
FNDA:0,(anonymous_37)
FNDA:0,(anonymous_38)
FNDA:0,(anonymous_39)
FNDA:0,(anonymous_40)
FNDA:0,(anonymous_41)
FNDA:0,(anonymous_42)
FNDA:0,(anonymous_43)
FNDA:0,(anonymous_44)
FNDA:0,(anonymous_45)
FNDA:0,(anonymous_46)
FNDA:0,(anonymous_47)
FNDA:0,(anonymous_48)
FNDA:0,(anonymous_49)
FNDA:0,(anonymous_50)
FNDA:0,(anonymous_51)
FNDA:0,(anonymous_52)
DA:8,0
DA:9,0
DA:12,0
DA:13,0
DA:14,0
DA:15,0
DA:17,0
DA:18,0
DA:19,0
DA:22,0
DA:23,0
DA:24,0
DA:27,0
DA:28,0
DA:29,0
DA:32,0
DA:35,0
DA:36,0
DA:39,0
DA:47,0
DA:54,0
DA:55,0
DA:56,0
DA:74,0
DA:75,0
DA:77,0
DA:79,0
DA:80,0
DA:81,0
DA:90,0
DA:98,0
DA:99,0
DA:100,0
DA:103,0
DA:106,0
DA:107,0
DA:111,0
DA:112,0
DA:116,0
DA:117,0
DA:120,0
DA:122,0
DA:129,0
DA:130,0
DA:131,0
DA:133,0
DA:140,0
DA:141,0
DA:142,0
DA:145,0
DA:148,0
DA:149,0
DA:150,0
DA:151,0
DA:152,0
DA:153,0
DA:157,0
DA:159,0
DA:167,0
DA:168,0
DA:171,0
DA:174,0
DA:177,0
DA:179,0
DA:180,0
DA:182,0
DA:183,0
DA:184,0
DA:186,0
DA:188,0
DA:189,0
DA:203,0
DA:211,0
DA:212,0
DA:213,0
DA:222,0
DA:225,0
DA:228,0
DA:230,0
DA:231,0
DA:233,0
DA:234,0
DA:245,0
DA:253,0
DA:258,0
DA:259,0
DA:266,0
DA:273,0
DA:275,0
DA:276,0
DA:283,0
DA:290,0
DA:293,0
DA:300,0
DA:303,0
DA:306,0
DA:309,0
DA:312,0
DA:313,0
DA:320,0
DA:323,0
DA:324,0
DA:327,0
DA:330,0
DA:333,0
DA:336,0
DA:337,0
DA:344,0
DA:347,0
DA:348,0
DA:351,0
DA:354,0
DA:357,0
DA:364,0
DA:365,0
DA:369,0
DA:372,0
DA:373,0
DA:376,0
DA:378,0
DA:379,0
DA:381,0
DA:388,0
DA:390,0
DA:395,0
DA:397,0
DA:400,0
DA:407,0
DA:408,0
DA:411,0
DA:414,0
DA:417,0
DA:419,0
DA:421,0
DA:422,0
DA:428,0
DA:437,0
DA:445,0
DA:453,0
DA:460,0
DA:467,0
DA:468,0
DA:469,0
DA:472,0
DA:473,0
DA:474,0
DA:476,0
DA:477,0
DA:485,0
DA:486,0
DA:487,0
DA:491,0
DA:492,0
DA:493,0
DA:495,0
DA:499,0
DA:506,0
DA:507,0
DA:508,0
DA:510,0
DA:511,0
DA:520,0
DA:521,0
DA:522,0
DA:523,0
DA:531,0
DA:532,0
DA:533,0
DA:536,0
DA:538,0
DA:547,0
DA:548,0
DA:551,0
DA:552,0
DA:555,0
DA:556,0
DA:559,0
DA:560,0
DA:568,0
DA:569,0
DA:571,0
DA:572,0
DA:573,0
DA:574,0
DA:578,0
DA:585,0
DA:592,0
DA:598,0
DA:599,0
DA:600,0
DA:608,0
DA:609,0
DA:613,0
DA:614,0
DA:615,0
DA:616,0
DA:617,0
DA:618,0
DA:619,0
DA:621,0
DA:628,0
DA:630,0
DA:631,0
DA:633,0
DA:634,0
DA:636,0
DA:637,0
DA:639,0
DA:646,0
DA:659,0
DA:671,0
DA:682,0
DA:684,0
DA:685,0
DA:693,0
DA:694,0
DA:702,0
DA:710,0
DA:718,0
DA:726,0
DA:733,0
DA:734,0
DA:736,0
DA:737,0
DA:739,0
DA:746,0
DA:747,0
DA:748,0
DA:749,0
DA:751,0
DA:752,0
DA:755,0
DA:756,0
DA:764,0
DA:765,0
DA:768,0
DA:769,0
DA:776,0
DA:782,0
DA:799,0
DA:800,0
DA:801,0
DA:802,0
DA:810,0
DA:811,0
DA:813,0
DA:817,0
LF:247
LH:0
BRDA:7,0,0,0
BRDA:9,1,0,0
BRDA:9,1,1,0
BRDA:55,2,0,0
BRDA:55,2,1,0
BRDA:80,3,0,0
BRDA:80,3,1,0
BRDA:98,4,0,0
BRDA:98,4,1,0
BRDA:148,5,0,0
BRDA:148,5,1,0
BRDA:150,6,0,0
BRDA:150,6,1,0
BRDA:152,7,0,0
BRDA:152,7,1,0
BRDA:182,8,0,0
BRDA:182,8,1,0
BRDA:188,9,0,0
BRDA:188,9,1,0
BRDA:212,10,0,0
BRDA:212,10,1,0
BRDA:230,11,0,0
BRDA:230,11,1,0
BRDA:233,12,0,0
BRDA:233,12,1,0
BRDA:258,13,0,0
BRDA:258,13,1,0
BRDA:275,14,0,0
BRDA:275,14,1,0
BRDA:364,15,0,0
BRDA:364,15,1,0
BRDA:378,16,0,0
BRDA:378,16,1,0
BRDA:421,17,0,0
BRDA:421,17,1,0
BRDA:468,18,0,0
BRDA:468,18,1,0
BRDA:472,19,0,0
BRDA:472,19,1,0
BRDA:486,20,0,0
BRDA:486,20,1,0
BRDA:486,21,0,0
BRDA:486,21,1,0
BRDA:491,22,0,0
BRDA:491,22,1,0
BRDA:491,23,0,0
BRDA:491,23,1,0
BRDA:492,24,0,0
BRDA:492,24,1,0
BRDA:505,25,0,0
BRDA:510,26,0,0
BRDA:510,26,1,0
BRDA:531,27,0,0
BRDA:531,27,1,0
BRDA:545,28,0,0
BRDA:552,29,0,0
BRDA:552,29,1,0
BRDA:552,29,2,0
BRDA:559,30,0,0
BRDA:559,30,1,0
BRDA:572,31,0,0
BRDA:572,31,1,0
BRDA:572,32,0,0
BRDA:572,32,1,0
BRDA:598,33,0,0
BRDA:598,33,1,0
BRDA:608,34,0,0
BRDA:608,34,1,0
BRDA:630,35,0,0
BRDA:630,35,1,0
BRDA:633,36,0,0
BRDA:633,36,1,0
BRDA:636,37,0,0
BRDA:636,37,1,0
BRDA:684,38,0,0
BRDA:684,38,1,0
BRDA:693,39,0,0
BRDA:693,39,1,0
BRDA:751,40,0,0
BRDA:751,40,1,0
BRDA:755,41,0,0
BRDA:755,41,1,0
BRDA:764,42,0,0
BRDA:764,42,1,0
BRDA:788,43,0,0
BRDA:788,43,1,0
BRF:86
BRH:0
end_of_record
TN:
SF:src/main/performance-optimizer.js
FN:14,(anonymous_0)
FN:60,(anonymous_1)
FN:115,(anonymous_2)
FN:124,(anonymous_3)
FN:212,(anonymous_4)
FN:261,(anonymous_5)
FN:280,(anonymous_6)
FN:281,(anonymous_7)
FN:293,(anonymous_8)
FN:312,(anonymous_9)
FN:325,(anonymous_10)
FN:344,(anonymous_11)
FN:350,(anonymous_12)
FN:354,(anonymous_13)
FN:374,(anonymous_14)
FN:383,(anonymous_15)
FN:385,(anonymous_16)
FN:388,(anonymous_17)
FN:404,(anonymous_18)
FN:425,(anonymous_19)
FN:495,(anonymous_20)
FN:511,(anonymous_21)
FN:519,(anonymous_22)
FN:526,(anonymous_23)
FN:539,(anonymous_24)
FN:540,(anonymous_25)
FN:565,(anonymous_26)
FN:566,(anonymous_27)
FN:588,(anonymous_28)
FN:621,(anonymous_29)
FN:626,(anonymous_30)
FN:640,(anonymous_31)
FN:648,(anonymous_32)
FN:666,(anonymous_33)
FN:672,(anonymous_34)
FN:678,(anonymous_35)
FN:683,(anonymous_36)
FN:687,(anonymous_37)
FN:692,(anonymous_38)
FN:697,(anonymous_39)
FN:705,(anonymous_40)
FNF:41
FNH:0
FNDA:0,(anonymous_0)
FNDA:0,(anonymous_1)
FNDA:0,(anonymous_2)
FNDA:0,(anonymous_3)
FNDA:0,(anonymous_4)
FNDA:0,(anonymous_5)
FNDA:0,(anonymous_6)
FNDA:0,(anonymous_7)
FNDA:0,(anonymous_8)
FNDA:0,(anonymous_9)
FNDA:0,(anonymous_10)
FNDA:0,(anonymous_11)
FNDA:0,(anonymous_12)
FNDA:0,(anonymous_13)
FNDA:0,(anonymous_14)
FNDA:0,(anonymous_15)
FNDA:0,(anonymous_16)
FNDA:0,(anonymous_17)
FNDA:0,(anonymous_18)
FNDA:0,(anonymous_19)
FNDA:0,(anonymous_20)
FNDA:0,(anonymous_21)
FNDA:0,(anonymous_22)
FNDA:0,(anonymous_23)
FNDA:0,(anonymous_24)
FNDA:0,(anonymous_25)
FNDA:0,(anonymous_26)
FNDA:0,(anonymous_27)
FNDA:0,(anonymous_28)
FNDA:0,(anonymous_29)
FNDA:0,(anonymous_30)
FNDA:0,(anonymous_31)
FNDA:0,(anonymous_32)
FNDA:0,(anonymous_33)
FNDA:0,(anonymous_34)
FNDA:0,(anonymous_35)
FNDA:0,(anonymous_36)
FNDA:0,(anonymous_37)
FNDA:0,(anonymous_38)
FNDA:0,(anonymous_39)
FNDA:0,(anonymous_40)
DA:10,0
DA:11,0
DA:15,0
DA:16,0
DA:19,0
DA:20,0
DA:21,0
DA:23,0
DA:24,0
DA:25,0
DA:26,0
DA:28,0
DA:29,0
DA:32,0
DA:33,0
DA:34,0
DA:35,0
DA:37,0
DA:38,0
DA:39,0
DA:40,0
DA:43,0
DA:51,0
DA:52,0
DA:54,0
DA:61,0
DA:62,0
DA:63,0
DA:87,0
DA:90,0
DA:93,0
DA:95,0
DA:97,0
DA:98,0
DA:99,0
DA:108,0
DA:117,0
DA:125,0
DA:127,0
DA:128,0
DA:129,0
DA:143,0
DA:146,0
DA:148,0
DA:149,0
DA:151,0
DA:152,0
DA:154,0
DA:155,0
DA:157,0
DA:160,0
DA:163,0
DA:165,0
DA:166,0
DA:185,0
DA:195,0
DA:196,0
DA:205,0
DA:213,0
DA:214,0
DA:217,0
DA:218,0
DA:228,0
DA:229,0
DA:239,0
DA:240,0
DA:250,0
DA:262,0
DA:264,0
DA:265,0
DA:266,0
DA:267,0
DA:269,0
DA:270,0
DA:274,0
DA:281,0
DA:282,0
DA:287,0
DA:288,0
DA:290,0
DA:291,0
DA:293,0
DA:294,0
DA:297,0
DA:298,0
DA:300,0
DA:301,0
DA:302,0
DA:306,0
DA:307,0
DA:308,0
DA:312,0
DA:314,0
DA:315,0
DA:316,0
DA:319,0
DA:320,0
DA:323,0
DA:325,0
DA:327,0
DA:328,0
DA:329,0
DA:331,0
DA:336,0
DA:337,0
DA:345,0
DA:346,0
DA:348,0
DA:349,0
DA:350,0
DA:353,0
DA:355,0
DA:356,0
DA:358,0
DA:368,0
DA:376,0
DA:377,0
DA:384,0
DA:385,0
DA:388,0
DA:389,0
DA:390,0
DA:392,0
DA:405,0
DA:407,0
DA:408,0
DA:409,0
DA:411,0
DA:418,0
DA:426,0
DA:428,0
DA:429,0
DA:430,0
DA:438,0
DA:441,0
DA:442,0
DA:446,0
DA:449,0
DA:452,0
DA:454,0
DA:455,0
DA:456,0
DA:458,0
DA:459,0
DA:474,0
DA:482,0
DA:483,0
DA:488,0
DA:497,0
DA:500,0
DA:503,0
DA:505,0
DA:513,0
DA:521,0
DA:522,0
DA:523,0
DA:526,0
DA:527,0
DA:528,0
DA:532,0
DA:540,0
DA:541,0
DA:542,0
DA:549,0
DA:550,0
DA:551,0
DA:555,0
DA:556,0
DA:557,0
DA:566,0
DA:567,0
DA:568,0
DA:569,0
DA:571,0
DA:572,0
DA:589,0
DA:592,0
DA:593,0
DA:594,0
DA:604,0
DA:605,0
DA:606,0
DA:615,0
DA:622,0
DA:623,0
DA:627,0
DA:628,0
DA:629,0
DA:630,0
DA:631,0
DA:634,0
DA:637,0
DA:641,0
DA:642,0
DA:643,0
DA:645,0
DA:649,0
DA:658,0
DA:659,0
DA:660,0
DA:667,0
DA:668,0
DA:671,0
DA:672,0
DA:675,0
DA:679,0
DA:680,0
DA:683,0
DA:684,0
DA:689,0
DA:694,0
DA:699,0
DA:706,0
DA:708,0
DA:731,0
LF:215
LH:0
BRDA:14,0,0,0
BRDA:16,1,0,0
BRDA:16,1,1,0
BRDA:62,2,0,0
BRDA:62,2,1,0
BRDA:98,3,0,0
BRDA:98,3,1,0
BRDA:124,4,0,0
BRDA:128,5,0,0
BRDA:128,5,1,0
BRDA:146,6,0,0
BRDA:146,6,1,0
BRDA:146,6,2,0
BRDA:146,6,3,0
BRDA:165,7,0,0
BRDA:165,7,1,0
BRDA:178,8,0,0
BRDA:178,8,1,0
BRDA:195,9,0,0
BRDA:195,9,1,0
BRDA:217,10,0,0
BRDA:217,10,1,0
BRDA:228,11,0,0
BRDA:228,11,1,0
BRDA:239,12,0,0
BRDA:239,12,1,0
BRDA:239,13,0,0
BRDA:239,13,1,0
BRDA:298,14,0,0
BRDA:298,14,1,0
BRDA:301,15,0,0
BRDA:301,15,1,0
BRDA:306,16,0,0
BRDA:306,16,1,0
BRDA:314,17,0,0
BRDA:314,17,1,0
BRDA:315,18,0,0
BRDA:315,18,1,0
BRDA:319,19,0,0
BRDA:319,19,1,0
BRDA:355,20,0,0
BRDA:355,20,1,0
BRDA:377,21,0,0
BRDA:377,21,1,0
BRDA:389,22,0,0
BRDA:389,22,1,0
BRDA:429,23,0,0
BRDA:429,23,1,0
BRDA:441,24,0,0
BRDA:441,24,1,0
BRDA:458,25,0,0
BRDA:458,25,1,0
BRDA:468,26,0,0
BRDA:468,26,1,0
BRDA:482,27,0,0
BRDA:482,27,1,0
BRDA:521,28,0,0
BRDA:521,28,1,0
BRDA:527,29,0,0
BRDA:527,29,1,0
BRDA:527,30,0,0
BRDA:527,30,1,0
BRDA:545,31,0,0
BRDA:545,31,1,0
BRDA:549,32,0,0
BRDA:549,32,1,0
BRDA:555,33,0,0
BRDA:555,33,1,0
BRDA:568,34,0,0
BRDA:568,34,1,0
BRDA:571,35,0,0
BRDA:571,35,1,0
BRDA:593,36,0,0
BRDA:593,36,1,0
BRDA:605,37,0,0
BRDA:605,37,1,0
BRDA:658,38,0,0
BRDA:658,38,1,0
BRDA:667,39,0,0
BRDA:667,39,1,0
BRDA:679,40,0,0
BRDA:679,40,1,0
BRF:82
BRH:0
end_of_record
TN:
SF:src/main/replacement-engine.js
FN:18,(anonymous_0)
FN:50,(anonymous_1)
FN:66,(anonymous_2)
FN:82,(anonymous_3)
FN:146,(anonymous_4)
FN:219,(anonymous_5)
FN:221,(anonymous_6)
FN:264,(anonymous_7)
FN:276,(anonymous_8)
FN:283,(anonymous_9)
FN:294,(anonymous_10)
FN:315,(anonymous_11)
FN:328,(anonymous_12)
FN:342,(anonymous_13)
FN:373,(anonymous_14)
FN:392,(anonymous_15)
FNF:16
FNH:16
FNDA:20,(anonymous_0)
FNDA:10,(anonymous_1)
FNDA:11,(anonymous_2)
FNDA:11,(anonymous_3)
FNDA:36,(anonymous_4)
FNDA:2,(anonymous_5)
FNDA:2,(anonymous_6)
FNDA:1,(anonymous_7)
FNDA:1,(anonymous_8)
FNDA:8,(anonymous_9)
FNDA:29,(anonymous_10)
FNDA:39,(anonymous_11)
FNDA:49,(anonymous_12)
FNDA:3,(anonymous_13)
FNDA:29,(anonymous_14)
FNDA:9,(anonymous_15)
DA:8,1
DA:9,1
DA:10,1
DA:13,1
DA:14,1
DA:15,1
DA:19,20
DA:21,20
DA:32,20
DA:42,20
DA:43,20
DA:44,20
DA:51,10
DA:52,1
DA:56,9
DA:57,9
DA:58,9
DA:59,9
DA:60,9
DA:61,9
DA:63,9
DA:66,11
DA:71,9
DA:73,9
DA:75,9
DA:82,11
DA:83,9
DA:84,1
DA:88,8
DA:91,7
DA:101,7
DA:102,7
DA:104,7
DA:112,7
DA:118,7
DA:125,2
DA:131,2
DA:136,0
DA:138,9
DA:139,9
DA:147,36
DA:156,36
DA:158,36
DA:159,34
DA:160,34
DA:163,34
DA:164,39
DA:165,0
DA:168,39
DA:169,39
DA:170,31
DA:171,31
DA:173,31
DA:181,34
DA:182,29
DA:183,29
DA:186,29
DA:187,26
DA:188,26
DA:189,26
DA:192,29
DA:195,34
DA:201,2
DA:202,2
DA:207,2
DA:213,36
DA:220,2
DA:221,2
DA:224,2
DA:226,2
DA:227,3
DA:228,3
DA:229,3
DA:235,3
DA:236,3
DA:237,3
DA:238,3
DA:246,3
DA:247,3
DA:251,0
DA:258,2
DA:265,1
DA:266,1
DA:267,1
DA:268,1
DA:270,0
DA:277,1
DA:284,8
DA:285,8
DA:287,8
DA:289,8
DA:290,1
DA:293,7
DA:294,7
DA:295,29
DA:296,29
DA:297,29
DA:300,29
DA:302,29
DA:305,7
DA:306,7
DA:309,7
DA:316,39
DA:320,39
DA:321,39
DA:324,39
DA:325,39
DA:327,39
DA:328,39
DA:329,49
DA:330,49
DA:333,39
DA:343,3
DA:346,3
DA:347,3
DA:348,3
DA:349,3
DA:351,3
DA:354,3
DA:355,5
DA:356,5
DA:357,5
DA:358,5
DA:360,5
DA:367,3
DA:374,29
DA:375,29
DA:376,7
DA:378,7
DA:393,9
DA:404,1
LF:131
LH:127
BRDA:18,0,0,17
BRDA:51,1,0,1
BRDA:51,1,1,9
BRDA:83,2,0,1
BRDA:83,2,1,8
BRDA:102,3,0,7
BRDA:102,3,1,7
BRDA:108,4,0,7
BRDA:108,4,1,0
BRDA:164,5,0,0
BRDA:164,5,1,39
BRDA:164,6,0,39
BRDA:164,6,1,0
BRDA:169,7,0,31
BRDA:169,7,1,8
BRDA:181,8,0,29
BRDA:181,8,1,5
BRDA:186,9,0,26
BRDA:186,9,1,3
BRDA:219,10,0,1
BRDA:237,11,0,3
BRDA:237,11,1,0
BRDA:246,12,0,3
BRDA:246,12,1,0
BRDA:265,13,0,1
BRDA:265,13,1,0
BRDA:289,14,0,1
BRDA:289,14,1,7
BRDA:320,15,0,0
BRDA:320,15,1,39
BRDA:321,16,0,38
BRDA:321,16,1,1
BRDA:346,17,0,0
BRDA:346,17,1,3
BRDA:347,18,0,3
BRDA:347,18,1,0
BRDA:357,19,0,2
BRDA:357,19,1,3
BRDA:375,20,0,7
BRDA:375,20,1,22
BRF:40
BRH:31
end_of_record
TN:
SF:src/main/single-instance-test.js
FN:19,(anonymous_0)
FN:84,(anonymous_1)
FN:98,(anonymous_2)
FN:185,(anonymous_3)
FN:243,(anonymous_4)
FNF:5
FNH:0
FNDA:0,(anonymous_0)
FNDA:0,(anonymous_1)
FNDA:0,(anonymous_2)
FNDA:0,(anonymous_3)
FNDA:0,(anonymous_4)
DA:7,0
DA:8,0
DA:13,0
DA:14,0
DA:20,0
DA:21,0
DA:23,0
DA:34,0
DA:36,0
DA:38,0
DA:39,0
DA:41,0
DA:43,0
DA:48,0
DA:49,0
DA:50,0
DA:51,0
DA:55,0
DA:56,0
DA:64,0
DA:65,0
DA:66,0
DA:69,0
DA:70,0
DA:72,0
DA:73,0
DA:77,0
DA:85,0
DA:86,0
DA:87,0
DA:89,0
DA:90,0
DA:91,0
DA:94,0
DA:95,0
DA:96,0
DA:98,0
DA:99,0
DA:100,0
DA:102,0
DA:103,0
DA:105,0
DA:109,0
DA:114,0
DA:115,0
DA:121,0
DA:124,0
DA:125,0
DA:131,0
DA:135,0
DA:136,0
DA:141,0
DA:146,0
DA:147,0
DA:148,0
DA:153,0
DA:158,0
DA:168,0
DA:186,0
DA:197,0
DA:200,0
DA:201,0
DA:204,0
DA:205,0
DA:208,0
DA:209,0
DA:212,0
DA:213,0
DA:217,0
DA:225,0
DA:226,0
DA:227,0
DA:228,0
DA:229,0
DA:231,0
DA:237,0
DA:244,0
DA:317,0
LF:78
LH:0
BRDA:48,0,0,0
BRDA:48,0,1,0
BRDA:55,1,0,0
BRDA:55,1,1,0
BRDA:65,2,0,0
BRDA:65,2,1,0
BRDA:99,3,0,0
BRDA:99,3,1,0
BRDA:102,4,0,0
BRDA:102,4,1,0
BRDA:102,5,0,0
BRDA:102,5,1,0
BRDA:105,6,0,0
BRDA:105,6,1,0
BRDA:106,7,0,0
BRDA:106,7,1,0
BRDA:106,7,2,0
BRDA:114,8,0,0
BRDA:114,8,1,0
BRDA:114,9,0,0
BRDA:114,9,1,0
BRDA:124,10,0,0
BRDA:124,10,1,0
BRDA:124,11,0,0
BRDA:124,11,1,0
BRDA:135,12,0,0
BRDA:135,12,1,0
BRDA:146,13,0,0
BRDA:146,13,1,0
BRDA:147,14,0,0
BRDA:147,14,1,0
BRDA:204,15,0,0
BRDA:204,15,1,0
BRDA:208,16,0,0
BRDA:208,16,1,0
BRDA:212,17,0,0
BRDA:212,17,1,0
BRF:37
BRH:0
end_of_record
TN:
SF:src/preload/preload.js
FN:18,(anonymous_0)
FN:34,(anonymous_1)
FN:50,(anonymous_2)
FN:68,(anonymous_3)
FN:88,(anonymous_4)
FN:115,(anonymous_5)
FN:133,(anonymous_6)
FN:149,(anonymous_7)
FN:165,(anonymous_8)
FN:183,(anonymous_9)
FN:199,(anonymous_10)
FN:218,(anonymous_11)
FN:235,(anonymous_12)
FN:253,(anonymous_13)
FN:273,(anonymous_14)
FN:289,(anonymous_15)
FN:305,(anonymous_16)
FN:321,(anonymous_17)
FN:323,(anonymous_18)
FN:332,(anonymous_19)
FN:345,(anonymous_20)
FN:367,(anonymous_21)
FN:386,(anonymous_22)
FN:407,(anonymous_23)
FN:423,(anonymous_24)
FN:439,(anonymous_25)
FN:455,(anonymous_26)
FN:457,(anonymous_27)
FN:467,(anonymous_28)
FN:469,(anonymous_29)
FN:479,(anonymous_30)
FN:481,(anonymous_31)
FN:491,(anonymous_32)
FN:493,(anonymous_33)
FN:502,(anonymous_34)
FN:514,(anonymous_35)
FN:533,(anonymous_36)
FN:555,(anonymous_37)
FN:557,(anonymous_38)
FN:569,(anonymous_39)
FNF:40
FNH:0
FNDA:0,(anonymous_0)
FNDA:0,(anonymous_1)
FNDA:0,(anonymous_2)
FNDA:0,(anonymous_3)
FNDA:0,(anonymous_4)
FNDA:0,(anonymous_5)
FNDA:0,(anonymous_6)
FNDA:0,(anonymous_7)
FNDA:0,(anonymous_8)
FNDA:0,(anonymous_9)
FNDA:0,(anonymous_10)
FNDA:0,(anonymous_11)
FNDA:0,(anonymous_12)
FNDA:0,(anonymous_13)
FNDA:0,(anonymous_14)
FNDA:0,(anonymous_15)
FNDA:0,(anonymous_16)
FNDA:0,(anonymous_17)
FNDA:0,(anonymous_18)
FNDA:0,(anonymous_19)
FNDA:0,(anonymous_20)
FNDA:0,(anonymous_21)
FNDA:0,(anonymous_22)
FNDA:0,(anonymous_23)
FNDA:0,(anonymous_24)
FNDA:0,(anonymous_25)
FNDA:0,(anonymous_26)
FNDA:0,(anonymous_27)
FNDA:0,(anonymous_28)
FNDA:0,(anonymous_29)
FNDA:0,(anonymous_30)
FNDA:0,(anonymous_31)
FNDA:0,(anonymous_32)
FNDA:0,(anonymous_33)
FNDA:0,(anonymous_34)
FNDA:0,(anonymous_35)
FNDA:0,(anonymous_36)
FNDA:0,(anonymous_37)
FNDA:0,(anonymous_38)
FNDA:0,(anonymous_39)
DA:6,0
DA:8,0
DA:13,0
DA:19,0
DA:20,0
DA:21,0
DA:22,0
DA:23,0
DA:25,0
DA:26,0
DA:35,0
DA:36,0
DA:37,0
DA:38,0
DA:39,0
DA:41,0
DA:42,0
DA:51,0
DA:52,0
DA:53,0
DA:54,0
DA:55,0
DA:57,0
DA:58,0
DA:69,0
DA:76,0
DA:77,0
DA:89,0
DA:102,0
DA:103,0
DA:116,0
DA:117,0
DA:118,0
DA:119,0
DA:120,0
DA:122,0
DA:123,0
DA:134,0
DA:135,0
DA:136,0
DA:137,0
DA:138,0
DA:140,0
DA:141,0
DA:150,0
DA:151,0
DA:152,0
DA:153,0
DA:154,0
DA:156,0
DA:157,0
DA:166,0
DA:167,0
DA:168,0
DA:169,0
DA:170,0
DA:172,0
DA:173,0
DA:184,0
DA:185,0
DA:186,0
DA:187,0
DA:188,0
DA:190,0
DA:191,0
DA:200,0
DA:201,0
DA:202,0
DA:203,0
DA:204,0
DA:206,0
DA:207,0
DA:219,0
DA:220,0
DA:221,0
DA:222,0
DA:223,0
DA:225,0
DA:226,0
DA:236,0
DA:237,0
DA:238,0
DA:239,0
DA:240,0
DA:242,0
DA:243,0
DA:254,0
DA:255,0
DA:256,0
DA:257,0
DA:258,0
DA:260,0
DA:261,0
DA:274,0
DA:275,0
DA:276,0
DA:277,0
DA:278,0
DA:280,0
DA:281,0
DA:290,0
DA:291,0
DA:292,0
DA:293,0
DA:294,0
DA:296,0
DA:297,0
DA:306,0
DA:307,0
DA:308,0
DA:309,0
DA:310,0
DA:312,0
DA:313,0
DA:322,0
DA:323,0
DA:324,0
DA:325,0
DA:333,0
DA:334,0
DA:346,0
DA:351,0
DA:352,0
DA:353,0
DA:354,0
DA:356,0
DA:357,0
DA:368,0
DA:369,0
DA:370,0
DA:371,0
DA:372,0
DA:374,0
DA:375,0
DA:387,0
DA:392,0
DA:393,0
DA:394,0
DA:395,0
DA:397,0
DA:398,0
DA:408,0
DA:409,0
DA:410,0
DA:411,0
DA:412,0
DA:414,0
DA:415,0
DA:424,0
DA:425,0
DA:426,0
DA:427,0
DA:428,0
DA:430,0
DA:431,0
DA:440,0
DA:441,0
DA:442,0
DA:443,0
DA:444,0
DA:446,0
DA:447,0
DA:456,0
DA:457,0
DA:458,0
DA:459,0
DA:468,0
DA:469,0
DA:470,0
DA:471,0
DA:480,0
DA:481,0
DA:482,0
DA:483,0
DA:492,0
DA:493,0
DA:494,0
DA:495,0
DA:503,0
DA:504,0
DA:505,0
DA:506,0
DA:507,0
DA:514,0
DA:517,0
DA:518,0
DA:522,0
DA:523,0
DA:524,0
DA:527,0
DA:533,0
DA:535,0
DA:536,0
DA:539,0
DA:540,0
DA:541,0
DA:555,0
DA:557,0
DA:558,0
DA:569,0
DA:570,0
DA:581,0
DA:582,0
DA:583,0
DA:584,0
DA:586,0
DA:588,0
DA:595,0
DA:596,0
LF:209
LH:0
BRDA:68,0,0,0
BRDA:93,1,0,0
BRDA:93,1,1,0
BRDA:115,2,0,0
BRDA:133,3,0,0
BRDA:273,4,0,0
BRDA:345,5,0,0
BRDA:386,6,0,0
BRDA:517,7,0,0
BRDA:517,7,1,0
BRDA:517,8,0,0
BRDA:517,8,1,0
BRDA:522,9,0,0
BRDA:522,9,1,0
BRDA:522,10,0,0
BRDA:522,10,1,0
BRDA:535,11,0,0
BRDA:535,11,1,0
BRDA:539,12,0,0
BRDA:539,12,1,0
BRF:20
BRH:0
end_of_record
TN:
SF:src/renderer/js/app.js
FN:19,(anonymous_0)
FN:30,(anonymous_1)
FN:33,(anonymous_2)
FN:42,(anonymous_3)
FN:62,(anonymous_4)
FN:66,(anonymous_5)
FN:72,(anonymous_6)
FN:78,(anonymous_7)
FN:84,(anonymous_8)
FN:89,(anonymous_9)
FN:94,(anonymous_10)
FN:100,(anonymous_11)
FN:105,(anonymous_12)
FN:110,(anonymous_13)
FN:116,(anonymous_14)
FN:121,(anonymous_15)
FN:126,(anonymous_16)
FN:132,(anonymous_17)
FN:137,(anonymous_18)
FN:142,(anonymous_19)
FN:147,(anonymous_20)
FN:152,(anonymous_21)
FN:164,(anonymous_22)
FN:198,(anonymous_23)
FN:234,(anonymous_24)
FN:287,(anonymous_25)
FN:298,(anonymous_26)
FN:313,(anonymous_27)
FN:329,(anonymous_28)
FN:342,(anonymous_29)
FN:355,(anonymous_30)
FN:362,(anonymous_31)
FN:376,(anonymous_32)
FN:378,(anonymous_33)
FN:379,(anonymous_34)
FN:391,(anonymous_35)
FN:395,(anonymous_36)
FN:409,(anonymous_37)
FN:447,(anonymous_38)
FN:524,(anonymous_39)
FN:543,(anonymous_40)
FN:567,(anonymous_41)
FN:604,(anonymous_42)
FN:637,(anonymous_43)
FN:671,(anonymous_44)
FN:723,(anonymous_45)
FN:745,(anonymous_46)
FN:786,(anonymous_47)
FN:803,(anonymous_48)
FN:816,(anonymous_49)
FN:857,(anonymous_50)
FN:880,(anonymous_51)
FN:921,(anonymous_52)
FN:923,(anonymous_53)
FN:928,(anonymous_54)
FN:934,(anonymous_55)
FN:948,(anonymous_56)
FN:961,(anonymous_57)
FN:1009,(anonymous_58)
FN:1028,(anonymous_59)
FN:1061,(anonymous_60)
FN:1063,(anonymous_61)
FN:1065,(anonymous_62)
FN:1087,(anonymous_63)
FN:1110,(anonymous_64)
FN:1152,(anonymous_65)
FN:1181,(anonymous_66)
FN:1189,(anonymous_67)
FN:1198,(anonymous_68)
FN:1211,(anonymous_69)
FNF:70
FNH:0
FNDA:0,(anonymous_0)
FNDA:0,(anonymous_1)
FNDA:0,(anonymous_2)
FNDA:0,(anonymous_3)
FNDA:0,(anonymous_4)
FNDA:0,(anonymous_5)
FNDA:0,(anonymous_6)
FNDA:0,(anonymous_7)
FNDA:0,(anonymous_8)
FNDA:0,(anonymous_9)
FNDA:0,(anonymous_10)
FNDA:0,(anonymous_11)
FNDA:0,(anonymous_12)
FNDA:0,(anonymous_13)
FNDA:0,(anonymous_14)
FNDA:0,(anonymous_15)
FNDA:0,(anonymous_16)
FNDA:0,(anonymous_17)
FNDA:0,(anonymous_18)
FNDA:0,(anonymous_19)
FNDA:0,(anonymous_20)
FNDA:0,(anonymous_21)
FNDA:0,(anonymous_22)
FNDA:0,(anonymous_23)
FNDA:0,(anonymous_24)
FNDA:0,(anonymous_25)
FNDA:0,(anonymous_26)
FNDA:0,(anonymous_27)
FNDA:0,(anonymous_28)
FNDA:0,(anonymous_29)
FNDA:0,(anonymous_30)
FNDA:0,(anonymous_31)
FNDA:0,(anonymous_32)
FNDA:0,(anonymous_33)
FNDA:0,(anonymous_34)
FNDA:0,(anonymous_35)
FNDA:0,(anonymous_36)
FNDA:0,(anonymous_37)
FNDA:0,(anonymous_38)
FNDA:0,(anonymous_39)
FNDA:0,(anonymous_40)
FNDA:0,(anonymous_41)
FNDA:0,(anonymous_42)
FNDA:0,(anonymous_43)
FNDA:0,(anonymous_44)
FNDA:0,(anonymous_45)
FNDA:0,(anonymous_46)
FNDA:0,(anonymous_47)
FNDA:0,(anonymous_48)
FNDA:0,(anonymous_49)
FNDA:0,(anonymous_50)
FNDA:0,(anonymous_51)
FNDA:0,(anonymous_52)
FNDA:0,(anonymous_53)
FNDA:0,(anonymous_54)
FNDA:0,(anonymous_55)
FNDA:0,(anonymous_56)
FNDA:0,(anonymous_57)
FNDA:0,(anonymous_58)
FNDA:0,(anonymous_59)
FNDA:0,(anonymous_60)
FNDA:0,(anonymous_61)
FNDA:0,(anonymous_62)
FNDA:0,(anonymous_63)
FNDA:0,(anonymous_64)
FNDA:0,(anonymous_65)
FNDA:0,(anonymous_66)
FNDA:0,(anonymous_67)
FNDA:0,(anonymous_68)
FNDA:0,(anonymous_69)
DA:8,0
DA:9,0
DA:10,0
DA:13,0
DA:14,0
DA:15,0
DA:16,0
DA:17,0
DA:20,0
DA:21,0
DA:23,0
DA:24,0
DA:32,0
DA:33,0
DA:35,0
DA:43,0
DA:46,0
DA:49,0
DA:52,0
DA:55,0
DA:56,0
DA:64,0
DA:65,0
DA:66,0
DA:70,0
DA:71,0
DA:72,0
DA:76,0
DA:77,0
DA:78,0
DA:82,0
DA:83,0
DA:84,0
DA:87,0
DA:88,0
DA:89,0
DA:92,0
DA:93,0
DA:94,0
DA:98,0
DA:99,0
DA:100,0
DA:103,0
DA:104,0
DA:105,0
DA:108,0
DA:109,0
DA:110,0
DA:114,0
DA:115,0
DA:116,0
DA:119,0
DA:120,0
DA:121,0
DA:124,0
DA:125,0
DA:126,0
DA:130,0
DA:131,0
DA:132,0
DA:135,0
DA:136,0
DA:137,0
DA:140,0
DA:141,0
DA:142,0
DA:145,0
DA:146,0
DA:147,0
DA:150,0
DA:151,0
DA:152,0
DA:156,0
DA:158,0
DA:165,0
DA:167,0
DA:168,0
DA:171,0
DA:173,0
DA:174,0
DA:177,0
DA:184,0
DA:185,0
DA:187,0
DA:189,0
DA:190,0
DA:191,0
DA:199,0
DA:201,0
DA:202,0
DA:204,0
DA:205,0
DA:206,0
DA:208,0
DA:222,0
DA:223,0
DA:225,0
DA:226,0
DA:227,0
DA:235,0
DA:237,0
DA:238,0
DA:239,0
DA:242,0
DA:243,0
DA:246,0
DA:247,0
DA:250,0
DA:251,0
DA:252,0
DA:255,0
DA:256,0
DA:259,0
DA:260,0
DA:261,0
DA:262,0
DA:263,0
DA:265,0
DA:274,0
DA:275,0
DA:277,0
DA:278,0
DA:279,0
DA:280,0
DA:288,0
DA:289,0
DA:290,0
DA:291,0
DA:299,0
DA:300,0
DA:302,0
DA:303,0
DA:305,0
DA:306,0
DA:314,0
DA:315,0
DA:316,0
DA:319,0
DA:320,0
DA:321,0
DA:330,0
DA:331,0
DA:332,0
DA:333,0
DA:335,0
DA:343,0
DA:344,0
DA:345,0
DA:346,0
DA:348,0
DA:356,0
DA:357,0
DA:358,0
DA:361,0
DA:362,0
DA:363,0
DA:366,0
DA:369,0
DA:370,0
DA:378,0
DA:379,0
DA:380,0
DA:381,0
DA:385,0
DA:392,0
DA:395,0
DA:396,0
DA:398,0
DA:399,0
DA:401,0
DA:410,0
DA:412,0
DA:413,0
DA:415,0
DA:416,0
DA:417,0
DA:419,0
DA:420,0
DA:431,0
DA:433,0
DA:436,0
DA:438,0
DA:439,0
DA:440,0
DA:448,0
DA:450,0
DA:451,0
DA:454,0
DA:494,0
DA:496,0
DA:497,0
DA:498,0
DA:500,0
DA:501,0
DA:508,0
DA:510,0
DA:513,0
DA:515,0
DA:516,0
DA:517,0
DA:525,0
DA:527,0
DA:528,0
DA:530,0
DA:531,0
DA:532,0
DA:534,0
DA:535,0
DA:543,0
DA:551,0
DA:553,0
DA:556,0
DA:558,0
DA:559,0
DA:560,0
DA:568,0
DA:570,0
DA:571,0
DA:573,0
DA:574,0
DA:575,0
DA:577,0
DA:578,0
DA:583,0
DA:586,0
DA:587,0
DA:590,0
DA:593,0
DA:595,0
DA:596,0
DA:597,0
DA:605,0
DA:607,0
DA:608,0
DA:612,0
DA:613,0
DA:614,0
DA:616,0
DA:621,0
DA:622,0
DA:624,0
DA:625,0
DA:626,0
DA:638,0
DA:650,0
DA:653,0
DA:654,0
DA:657,0
DA:660,0
DA:662,0
DA:663,0
DA:664,0
DA:672,0
DA:674,0
DA:675,0
DA:679,0
DA:682,0
DA:683,0
DA:684,0
DA:686,0
DA:687,0
DA:688,0
DA:689,0
DA:691,0
DA:707,0
DA:709,0
DA:712,0
DA:714,0
DA:715,0
DA:716,0
DA:724,0
DA:726,0
DA:727,0
DA:728,0
DA:731,0
DA:732,0
DA:737,0
DA:738,0
DA:739,0
DA:745,0
DA:746,0
DA:747,0
DA:753,0
DA:758,0
DA:759,0
DA:762,0
DA:764,0
DA:765,0
DA:766,0
DA:787,0
DA:803,0
DA:808,0
DA:811,0
DA:812,0
DA:816,0
DA:817,0
DA:822,0
DA:825,0
DA:827,0
DA:828,0
DA:836,0
DA:837,0
DA:838,0
DA:842,0
DA:843,0
DA:846,0
DA:847,0
DA:849,0
DA:858,0
DA:859,0
DA:861,0
DA:863,0
DA:864,0
DA:865,0
DA:867,0
DA:868,0
DA:871,0
DA:872,0
DA:873,0
DA:881,0
DA:883,0
DA:884,0
DA:886,0
DA:887,0
DA:888,0
DA:890,0
DA:891,0
DA:892,0
DA:905,0
DA:907,0
DA:910,0
DA:912,0
DA:913,0
DA:914,0
DA:923,0
DA:924,0
DA:928,0
DA:929,0
DA:930,0
DA:934,0
DA:935,0
DA:936,0
DA:937,0
DA:944,0
DA:948,0
DA:949,0
DA:950,0
DA:954,0
DA:955,0
DA:962,0
DA:964,0
DA:965,0
DA:968,0
DA:969,0
DA:970,0
DA:974,0
DA:975,0
DA:981,0
DA:986,0
DA:992,0
DA:993,0
DA:995,0
DA:996,0
DA:1009,0
DA:1012,0
DA:1014,0
DA:1017,0
DA:1019,0
DA:1020,0
DA:1021,0
DA:1029,0
DA:1031,0
DA:1032,0
DA:1034,0
DA:1035,0
DA:1036,0
DA:1039,0
DA:1040,0
DA:1043,0
DA:1049,0
DA:1050,0
DA:1052,0
DA:1053,0
DA:1054,0
DA:1061,0
DA:1062,0
DA:1063,0
DA:1064,0
DA:1065,0
DA:1066,0
DA:1071,0
DA:1073,0
DA:1076,0
DA:1078,0
DA:1079,0
DA:1080,0
DA:1088,0
DA:1089,0
DA:1091,0
DA:1093,0
DA:1094,0
DA:1095,0
DA:1097,0
DA:1098,0
DA:1101,0
DA:1102,0
DA:1103,0
DA:1111,0
DA:1113,0
DA:1114,0
DA:1116,0
DA:1117,0
DA:1118,0
DA:1120,0
DA:1121,0
DA:1122,0
DA:1136,0
DA:1138,0
DA:1141,0
DA:1143,0
DA:1144,0
DA:1145,0
DA:1153,0
DA:1154,0
DA:1156,0
DA:1157,0
DA:1158,0
DA:1161,0
DA:1168,0
DA:1169,0
DA:1172,0
DA:1173,0
DA:1175,0
DA:1182,0
DA:1183,0
DA:1184,0
DA:1187,0
DA:1189,0
DA:1190,0
DA:1191,0
DA:1192,0
DA:1197,0
DA:1198,0
DA:1199,0
DA:1200,0
DA:1201,0
DA:1204,0
DA:1212,0
DA:1213,0
DA:1216,0
DA:1221,0
DA:1222,0
LF:452
LH:0
BRDA:32,0,0,0
BRDA:32,0,1,0
BRDA:65,1,0,0
BRDA:65,1,1,0
BRDA:71,2,0,0
BRDA:71,2,1,0
BRDA:77,3,0,0
BRDA:77,3,1,0
BRDA:83,4,0,0
BRDA:83,4,1,0
BRDA:88,5,0,0
BRDA:88,5,1,0
BRDA:93,6,0,0
BRDA:93,6,1,0
BRDA:99,7,0,0
BRDA:99,7,1,0
BRDA:104,8,0,0
BRDA:104,8,1,0
BRDA:109,9,0,0
BRDA:109,9,1,0
BRDA:115,10,0,0
BRDA:115,10,1,0
BRDA:120,11,0,0
BRDA:120,11,1,0
BRDA:125,12,0,0
BRDA:125,12,1,0
BRDA:131,13,0,0
BRDA:131,13,1,0
BRDA:136,14,0,0
BRDA:136,14,1,0
BRDA:141,15,0,0
BRDA:141,15,1,0
BRDA:146,16,0,0
BRDA:146,16,1,0
BRDA:151,17,0,0
BRDA:151,17,1,0
BRDA:242,18,0,0
BRDA:242,18,1,0
BRDA:246,19,0,0
BRDA:246,19,1,0
BRDA:259,20,0,0
BRDA:259,20,1,0
BRDA:260,21,0,0
BRDA:260,21,1,0
BRDA:261,22,0,0
BRDA:261,22,1,0
BRDA:262,23,0,0
BRDA:262,23,1,0
BRDA:263,24,0,0
BRDA:263,24,1,0
BRDA:278,25,0,0
BRDA:278,25,1,0
BRDA:289,26,0,0
BRDA:289,26,1,0
BRDA:302,27,0,0
BRDA:302,27,1,0
BRDA:305,28,0,0
BRDA:305,28,1,0
BRDA:315,29,0,0
BRDA:315,29,1,0
BRDA:320,30,0,0
BRDA:320,30,1,0
BRDA:330,31,0,0
BRDA:330,31,1,0
BRDA:332,32,0,0
BRDA:332,32,1,0
BRDA:343,33,0,0
BRDA:343,33,1,0
BRDA:345,34,0,0
BRDA:345,34,1,0
BRDA:356,35,0,0
BRDA:356,35,1,0
BRDA:398,36,0,0
BRDA:398,36,1,0
BRDA:419,37,0,0
BRDA:419,37,1,0
BRDA:500,38,0,0
BRDA:500,38,1,0
BRDA:534,39,0,0
BRDA:534,39,1,0
BRDA:541,40,0,0
BRDA:541,40,1,0
BRDA:577,41,0,0
BRDA:577,41,1,0
BRDA:581,42,0,0
BRDA:581,42,1,0
BRDA:586,43,0,0
BRDA:586,43,1,0
BRDA:612,44,0,0
BRDA:612,44,1,0
BRDA:624,45,0,0
BRDA:624,45,1,0
BRDA:645,46,0,0
BRDA:645,46,1,0
BRDA:653,47,0,0
BRDA:653,47,1,0
BRDA:679,48,0,0
BRDA:679,48,1,0
BRDA:686,49,0,0
BRDA:686,49,1,0
BRDA:702,50,0,0
BRDA:702,50,1,0
BRDA:731,51,0,0
BRDA:731,51,1,0
BRDA:737,52,0,0
BRDA:737,52,1,0
BRDA:764,53,0,0
BRDA:764,53,1,0
BRDA:794,54,0,0
BRDA:794,54,1,0
BRDA:800,55,0,0
BRDA:800,55,1,0
BRDA:811,56,0,0
BRDA:811,56,1,0
BRDA:837,57,0,0
BRDA:837,57,1,0
BRDA:863,58,0,0
BRDA:863,58,1,0
BRDA:890,59,0,0
BRDA:890,59,1,0
BRDA:968,60,0,0
BRDA:968,60,1,0
BRDA:974,61,0,0
BRDA:974,61,1,0
BRDA:995,62,0,0
BRDA:995,62,1,0
BRDA:1034,63,0,0
BRDA:1034,63,1,0
BRDA:1039,64,0,0
BRDA:1039,64,1,0
BRDA:1052,65,0,0
BRDA:1052,65,1,0
BRDA:1093,66,0,0
BRDA:1093,66,1,0
BRDA:1120,67,0,0
BRDA:1120,67,1,0
BRDA:1156,68,0,0
BRDA:1156,68,1,0
BRDA:1156,69,0,0
BRDA:1156,69,1,0
BRDA:1183,70,0,0
BRDA:1183,70,1,0
BRF:142
BRH:0
end_of_record
TN:
SF:src/renderer/js/execution-controller.js
FN:15,(anonymous_0)
FN:76,(anonymous_1)
FN:81,(anonymous_2)
FN:86,(anonymous_3)
FN:90,(anonymous_4)
FN:95,(anonymous_5)
FN:99,(anonymous_6)
FN:103,(anonymous_7)
FN:107,(anonymous_8)
FN:112,(anonymous_9)
FN:119,(anonymous_10)
FN:161,(anonymous_11)
FN:221,(anonymous_12)
FN:234,(anonymous_13)
FN:349,(anonymous_14)
FN:371,(anonymous_15)
FN:376,(anonymous_16)
FN:382,(anonymous_17)
FN:390,(anonymous_18)
FN:400,(anonymous_19)
FN:407,(anonymous_20)
FN:415,(anonymous_21)
FN:446,(anonymous_22)
FN:461,(anonymous_23)
FN:479,(anonymous_24)
FN:480,(anonymous_25)
FN:499,(anonymous_26)
FN:550,(anonymous_27)
FN:612,(anonymous_28)
FN:617,(anonymous_29)
FN:641,(anonymous_30)
FN:659,(anonymous_31)
FN:675,(anonymous_32)
FN:695,(anonymous_33)
FN:710,(anonymous_34)
FN:715,(anonymous_35)
FN:723,(anonymous_36)
FN:724,(anonymous_37)
FN:739,(anonymous_38)
FN:750,(anonymous_39)
FN:798,(anonymous_40)
FN:837,(anonymous_41)
FN:841,(anonymous_42)
FN:851,(anonymous_43)
FN:852,(anonymous_44)
FN:884,(anonymous_45)
FN:890,(anonymous_46)
FN:895,(anonymous_47)
FN:901,(anonymous_48)
FN:908,(anonymous_49)
FN:939,(anonymous_50)
FN:972,(anonymous_51)
FN:974,(anonymous_52)
FN:982,(anonymous_53)
FN:1003,(anonymous_54)
FN:1011,(anonymous_55)
FN:1024,(anonymous_56)
FN:1028,(anonymous_57)
FN:1033,(anonymous_58)
FN:1048,(anonymous_59)
FN:1070,(anonymous_60)
FN:1079,(anonymous_61)
FN:1096,(anonymous_62)
FN:1113,(anonymous_63)
FN:1141,(anonymous_64)
FN:1143,(anonymous_65)
FN:1159,(anonymous_66)
FN:1210,(anonymous_67)
FN:1220,(anonymous_68)
FN:1233,(anonymous_69)
FN:1237,(anonymous_70)
FN:1251,(anonymous_71)
FN:1251,(anonymous_72)
FN:1259,(anonymous_73)
FN:1292,(anonymous_74)
FN:1300,(anonymous_75)
FN:1314,(anonymous_76)
FN:1320,(anonymous_77)
FN:1352,(anonymous_78)
FN:1373,(anonymous_79)
FN:1385,(anonymous_80)
FN:1392,(anonymous_81)
FN:1399,(anonymous_82)
FN:1447,(anonymous_83)
FN:1449,(anonymous_84)
FN:1459,(anonymous_85)
FN:1466,(anonymous_86)
FN:1473,(anonymous_87)
FN:1482,(anonymous_88)
FNF:89
FNH:0
FNDA:0,(anonymous_0)
FNDA:0,(anonymous_1)
FNDA:0,(anonymous_2)
FNDA:0,(anonymous_3)
FNDA:0,(anonymous_4)
FNDA:0,(anonymous_5)
FNDA:0,(anonymous_6)
FNDA:0,(anonymous_7)
FNDA:0,(anonymous_8)
FNDA:0,(anonymous_9)
FNDA:0,(anonymous_10)
FNDA:0,(anonymous_11)
FNDA:0,(anonymous_12)
FNDA:0,(anonymous_13)
FNDA:0,(anonymous_14)
FNDA:0,(anonymous_15)
FNDA:0,(anonymous_16)
FNDA:0,(anonymous_17)
FNDA:0,(anonymous_18)
FNDA:0,(anonymous_19)
FNDA:0,(anonymous_20)
FNDA:0,(anonymous_21)
FNDA:0,(anonymous_22)
FNDA:0,(anonymous_23)
FNDA:0,(anonymous_24)
FNDA:0,(anonymous_25)
FNDA:0,(anonymous_26)
FNDA:0,(anonymous_27)
FNDA:0,(anonymous_28)
FNDA:0,(anonymous_29)
FNDA:0,(anonymous_30)
FNDA:0,(anonymous_31)
FNDA:0,(anonymous_32)
FNDA:0,(anonymous_33)
FNDA:0,(anonymous_34)
FNDA:0,(anonymous_35)
FNDA:0,(anonymous_36)
FNDA:0,(anonymous_37)
FNDA:0,(anonymous_38)
FNDA:0,(anonymous_39)
FNDA:0,(anonymous_40)
FNDA:0,(anonymous_41)
FNDA:0,(anonymous_42)
FNDA:0,(anonymous_43)
FNDA:0,(anonymous_44)
FNDA:0,(anonymous_45)
FNDA:0,(anonymous_46)
FNDA:0,(anonymous_47)
FNDA:0,(anonymous_48)
FNDA:0,(anonymous_49)
FNDA:0,(anonymous_50)
FNDA:0,(anonymous_51)
FNDA:0,(anonymous_52)
FNDA:0,(anonymous_53)
FNDA:0,(anonymous_54)
FNDA:0,(anonymous_55)
FNDA:0,(anonymous_56)
FNDA:0,(anonymous_57)
FNDA:0,(anonymous_58)
FNDA:0,(anonymous_59)
FNDA:0,(anonymous_60)
FNDA:0,(anonymous_61)
FNDA:0,(anonymous_62)
FNDA:0,(anonymous_63)
FNDA:0,(anonymous_64)
FNDA:0,(anonymous_65)
FNDA:0,(anonymous_66)
FNDA:0,(anonymous_67)
FNDA:0,(anonymous_68)
FNDA:0,(anonymous_69)
FNDA:0,(anonymous_70)
FNDA:0,(anonymous_71)
FNDA:0,(anonymous_72)
FNDA:0,(anonymous_73)
FNDA:0,(anonymous_74)
FNDA:0,(anonymous_75)
FNDA:0,(anonymous_76)
FNDA:0,(anonymous_77)
FNDA:0,(anonymous_78)
FNDA:0,(anonymous_79)
FNDA:0,(anonymous_80)
FNDA:0,(anonymous_81)
FNDA:0,(anonymous_82)
FNDA:0,(anonymous_83)
FNDA:0,(anonymous_84)
FNDA:0,(anonymous_85)
FNDA:0,(anonymous_86)
FNDA:0,(anonymous_87)
FNDA:0,(anonymous_88)
DA:16,0
DA:17,0
DA:18,0
DA:19,0
DA:20,0
DA:29,0
DA:58,0
DA:59,0
DA:69,0
DA:77,0
DA:79,0
DA:81,0
DA:82,0
DA:86,0
DA:87,0
DA:90,0
DA:91,0
DA:95,0
DA:96,0
DA:99,0
DA:100,0
DA:103,0
DA:104,0
DA:107,0
DA:108,0
DA:112,0
DA:113,0
DA:114,0
DA:119,0
DA:120,0
DA:121,0
DA:123,0
DA:124,0
DA:125,0
DA:130,0
DA:133,0
DA:134,0
DA:144,0
DA:145,0
DA:153,0
DA:162,0
DA:164,0
DA:165,0
DA:168,0
DA:170,0
DA:172,0
DA:173,0
DA:184,0
DA:185,0
DA:186,0
DA:187,0
DA:191,0
DA:192,0
DA:194,0
DA:195,0
DA:196,0
DA:197,0
DA:201,0
DA:203,0
DA:204,0
DA:213,0
DA:214,0
DA:222,0
DA:224,0
DA:234,0
DA:236,0
DA:237,0
DA:238,0
DA:261,0
DA:262,0
DA:342,0
DA:343,0
DA:346,0
DA:347,0
DA:349,0
DA:350,0
DA:352,0
DA:353,0
DA:355,0
DA:357,0
DA:358,0
DA:360,0
DA:361,0
DA:365,0
DA:367,0
DA:371,0
DA:372,0
DA:373,0
DA:376,0
DA:377,0
DA:378,0
DA:382,0
DA:383,0
DA:384,0
DA:385,0
DA:390,0
DA:391,0
DA:392,0
DA:393,0
DA:394,0
DA:397,0
DA:400,0
DA:408,0
DA:409,0
DA:412,0
DA:413,0
DA:415,0
DA:416,0
DA:417,0
DA:418,0
DA:420,0
DA:421,0
DA:430,0
DA:447,0
DA:450,0
DA:451,0
DA:454,0
DA:455,0
DA:461,0
DA:462,0
DA:463,0
DA:465,0
DA:466,0
DA:470,0
DA:480,0
DA:483,0
DA:485,0
DA:486,0
DA:500,0
DA:501,0
DA:502,0
DA:503,0
DA:512,0
DA:515,0
DA:517,0
DA:518,0
DA:530,0
DA:532,0
DA:533,0
DA:543,0
DA:551,0
DA:553,0
DA:560,0
DA:567,0
DA:574,0
DA:576,0
DA:585,0
DA:588,0
DA:590,0
DA:593,0
DA:594,0
DA:601,0
DA:604,0
DA:605,0
DA:613,0
DA:615,0
DA:617,0
DA:621,0
DA:623,0
DA:624,0
DA:625,0
DA:627,0
DA:629,0
DA:632,0
DA:633,0
DA:643,0
DA:644,0
DA:646,0
DA:652,0
DA:653,0
DA:660,0
DA:661,0
DA:663,0
DA:664,0
DA:665,0
DA:668,0
DA:671,0
DA:672,0
DA:675,0
DA:677,0
DA:678,0
DA:679,0
DA:680,0
DA:681,0
DA:684,0
DA:687,0
DA:688,0
DA:697,0
DA:700,0
DA:701,0
DA:702,0
DA:703,0
DA:704,0
DA:711,0
DA:712,0
DA:715,0
DA:716,0
DA:724,0
DA:725,0
DA:726,0
DA:727,0
DA:728,0
DA:729,0
DA:740,0
DA:741,0
DA:742,0
DA:751,0
DA:752,0
DA:753,0
DA:756,0
DA:758,0
DA:760,0
DA:761,0
DA:765,0
DA:766,0
DA:768,0
DA:769,0
DA:773,0
DA:774,0
DA:776,0
DA:777,0
DA:780,0
DA:782,0
DA:783,0
DA:784,0
DA:799,0
DA:801,0
DA:802,0
DA:803,0
DA:808,0
DA:809,0
DA:816,0
DA:817,0
DA:818,0
DA:823,0
DA:824,0
DA:838,0
DA:841,0
DA:842,0
DA:843,0
DA:852,0
DA:853,0
DA:854,0
DA:855,0
DA:878,0
DA:881,0
DA:882,0
DA:884,0
DA:885,0
DA:886,0
DA:890,0
DA:891,0
DA:892,0
DA:895,0
DA:896,0
DA:897,0
DA:901,0
DA:909,0
DA:910,0
DA:912,0
DA:913,0
DA:927,0
DA:930,0
DA:933,0
DA:940,0
DA:941,0
DA:943,0
DA:945,0
DA:946,0
DA:960,0
DA:963,0
DA:966,0
DA:973,0
DA:974,0
DA:975,0
DA:983,0
DA:984,0
DA:985,0
DA:986,0
DA:991,0
DA:992,0
DA:996,0
DA:999,0
DA:1002,0
DA:1003,0
DA:1004,0
DA:1013,0
DA:1018,0
DA:1025,0
DA:1028,0
DA:1030,0
DA:1034,0
DA:1035,0
DA:1036,0
DA:1038,0
DA:1048,0
DA:1072,0
DA:1073,0
DA:1077,0
DA:1079,0
DA:1085,0
DA:1086,0
DA:1093,0
DA:1098,0
DA:1102,0
DA:1104,0
DA:1114,0
DA:1115,0
DA:1142,0
DA:1143,0
DA:1144,0
DA:1147,0
DA:1148,0
DA:1160,0
DA:1162,0
DA:1163,0
DA:1164,0
DA:1173,0
DA:1176,0
DA:1177,0
DA:1179,0
DA:1180,0
DA:1181,0
DA:1182,0
DA:1186,0
DA:1187,0
DA:1188,0
DA:1189,0
DA:1192,0
DA:1194,0
DA:1195,0
DA:1203,0
DA:1211,0
DA:1212,0
DA:1214,0
DA:1215,0
DA:1219,0
DA:1220,0
DA:1225,0
DA:1226,0
DA:1233,0
DA:1234,0
DA:1235,0
DA:1237,0
DA:1238,0
DA:1239,0
DA:1240,0
DA:1251,0
DA:1253,0
DA:1260,0
DA:1262,0
DA:1263,0
DA:1265,0
DA:1266,0
DA:1268,0
DA:1269,0
DA:1276,0
DA:1277,0
DA:1285,0
DA:1293,0
DA:1294,0
DA:1295,0
DA:1299,0
DA:1300,0
DA:1305,0
DA:1306,0
DA:1313,0
DA:1314,0
DA:1315,0
DA:1317,0
DA:1318,0
DA:1320,0
DA:1321,0
DA:1322,0
DA:1323,0
DA:1332,0
DA:1353,0
DA:1354,0
DA:1355,0
DA:1356,0
DA:1357,0
DA:1358,0
DA:1360,0
DA:1361,0
DA:1362,0
DA:1364,0
DA:1366,0
DA:1374,0
DA:1375,0
DA:1376,0
DA:1377,0
DA:1379,0
DA:1386,0
DA:1393,0
DA:1400,0
DA:1401,0
DA:1402,0
DA:1410,0
DA:1411,0
DA:1443,0
DA:1444,0
DA:1447,0
DA:1448,0
DA:1449,0
DA:1450,0
DA:1451,0
DA:1460,0
DA:1467,0
DA:1474,0
DA:1475,0
DA:1476,0
DA:1483,0
DA:1485,0
DA:1486,0
DA:1497,0
LF:415
LH:0
BRDA:58,0,0,0
BRDA:58,0,1,0
BRDA:113,1,0,0
BRDA:113,1,1,0
BRDA:120,2,0,0
BRDA:120,2,1,0
BRDA:121,3,0,0
BRDA:121,3,1,0
BRDA:124,4,0,0
BRDA:124,4,1,0
BRDA:133,5,0,0
BRDA:133,5,1,0
BRDA:140,6,0,0
BRDA:140,6,1,0
BRDA:144,7,0,0
BRDA:144,7,1,0
BRDA:172,8,0,0
BRDA:172,8,1,0
BRDA:185,9,0,0
BRDA:185,9,1,0
BRDA:194,10,0,0
BRDA:194,10,1,0
BRDA:203,11,0,0
BRDA:203,11,1,0
BRDA:228,12,0,0
BRDA:228,12,1,0
BRDA:352,13,0,0
BRDA:352,13,1,0
BRDA:357,14,0,0
BRDA:357,14,1,0
BRDA:357,15,0,0
BRDA:357,15,1,0
BRDA:360,16,0,0
BRDA:360,16,1,0
BRDA:360,17,0,0
BRDA:360,17,1,0
BRDA:383,18,0,0
BRDA:383,18,1,0
BRDA:383,19,0,0
BRDA:383,19,1,0
BRDA:391,20,0,0
BRDA:391,20,1,0
BRDA:408,21,0,0
BRDA:408,21,1,0
BRDA:409,22,0,0
BRDA:409,22,1,0
BRDA:420,23,0,0
BRDA:420,23,1,0
BRDA:420,24,0,0
BRDA:420,24,1,0
BRDA:420,24,2,0
BRDA:422,25,0,0
BRDA:422,25,1,0
BRDA:450,26,0,0
BRDA:450,26,1,0
BRDA:454,27,0,0
BRDA:454,27,1,0
BRDA:462,28,0,0
BRDA:462,28,1,0
BRDA:465,29,0,0
BRDA:465,29,1,0
BRDA:485,30,0,0
BRDA:485,30,1,0
BRDA:517,31,0,0
BRDA:517,31,1,0
BRDA:532,32,0,0
BRDA:532,32,1,0
BRDA:574,33,0,0
BRDA:574,33,1,0
BRDA:577,34,0,0
BRDA:577,34,1,0
BRDA:578,35,0,0
BRDA:578,35,1,0
BRDA:579,36,0,0
BRDA:579,36,1,0
BRDA:580,37,0,0
BRDA:580,37,1,0
BRDA:581,38,0,0
BRDA:581,38,1,0
BRDA:585,39,0,0
BRDA:585,39,1,0
BRDA:590,40,0,0
BRDA:590,40,1,0
BRDA:617,41,0,0
BRDA:617,41,1,0
BRDA:621,42,0,0
BRDA:621,42,1,0
BRDA:621,43,0,0
BRDA:621,43,1,0
BRDA:621,43,2,0
BRDA:643,44,0,0
BRDA:643,44,1,0
BRDA:644,45,0,0
BRDA:644,45,1,0
BRDA:664,46,0,0
BRDA:664,46,1,0
BRDA:671,47,0,0
BRDA:671,47,1,0
BRDA:671,48,0,0
BRDA:671,48,1,0
BRDA:679,49,0,0
BRDA:679,49,1,0
BRDA:687,50,0,0
BRDA:687,50,1,0
BRDA:697,51,0,0
BRDA:697,51,1,0
BRDA:725,52,0,0
BRDA:725,52,1,0
BRDA:740,53,0,0
BRDA:740,53,1,0
BRDA:752,54,0,0
BRDA:752,54,1,0
BRDA:758,55,0,0
BRDA:758,55,1,0
BRDA:758,55,2,0
BRDA:783,56,0,0
BRDA:783,56,1,0
BRDA:783,57,0,0
BRDA:783,57,1,0
BRDA:801,58,0,0
BRDA:801,58,1,0
BRDA:808,59,0,0
BRDA:808,59,1,0
BRDA:816,60,0,0
BRDA:816,60,1,0
BRDA:823,61,0,0
BRDA:823,61,1,0
BRDA:842,62,0,0
BRDA:842,62,1,0
BRDA:885,63,0,0
BRDA:885,63,1,0
BRDA:885,64,0,0
BRDA:885,64,1,0
BRDA:912,65,0,0
BRDA:912,65,1,0
BRDA:918,66,0,0
BRDA:918,66,1,0
BRDA:943,67,0,0
BRDA:943,67,1,0
BRDA:945,68,0,0
BRDA:945,68,1,0
BRDA:983,69,0,0
BRDA:983,69,1,0
BRDA:996,70,0,0
BRDA:996,70,1,0
BRDA:996,71,0,0
BRDA:996,71,1,0
BRDA:1028,72,0,0
BRDA:1028,72,1,0
BRDA:1034,73,0,0
BRDA:1034,73,1,0
BRDA:1035,74,0,0
BRDA:1035,74,1,0
BRDA:1036,75,0,0
BRDA:1036,75,1,0
BRDA:1050,76,0,0
BRDA:1050,76,1,0
BRDA:1051,77,0,0
BRDA:1051,77,1,0
BRDA:1052,78,0,0
BRDA:1052,78,1,0
BRDA:1073,79,0,0
BRDA:1073,79,1,0
BRDA:1077,80,0,0
BRDA:1077,80,1,0
BRDA:1077,81,0,0
BRDA:1077,81,1,0
BRDA:1085,82,0,0
BRDA:1085,82,1,0
BRDA:1114,83,0,0
BRDA:1114,83,1,0
BRDA:1115,84,0,0
BRDA:1115,84,1,0
BRDA:1122,85,0,0
BRDA:1122,85,1,0
BRDA:1147,86,0,0
BRDA:1147,86,1,0
BRDA:1163,87,0,0
BRDA:1163,87,1,0
BRDA:1194,88,0,0
BRDA:1194,88,1,0
BRDA:1212,89,0,0
BRDA:1212,89,1,0
BRDA:1219,90,0,0
BRDA:1219,90,1,0
BRDA:1219,91,0,0
BRDA:1219,91,1,0
BRDA:1225,92,0,0
BRDA:1225,92,1,0
BRDA:1238,93,0,0
BRDA:1238,93,1,0
BRDA:1239,94,0,0
BRDA:1239,94,1,0
BRDA:1242,95,0,0
BRDA:1242,95,1,0
BRDA:1268,96,0,0
BRDA:1268,96,1,0
BRDA:1276,97,0,0
BRDA:1276,97,1,0
BRDA:1295,98,0,0
BRDA:1295,98,1,0
BRDA:1299,99,0,0
BRDA:1299,99,1,0
BRDA:1299,100,0,0
BRDA:1299,100,1,0
BRDA:1305,101,0,0
BRDA:1305,101,1,0
BRDA:1321,102,0,0
BRDA:1321,102,1,0
BRDA:1322,103,0,0
BRDA:1322,103,1,0
BRDA:1325,104,0,0
BRDA:1325,104,1,0
BRDA:1399,105,0,0
BRDA:1404,106,0,0
BRDA:1404,106,1,0
BRDA:1404,107,0,0
BRDA:1404,107,1,0
BRDA:1485,108,0,0
BRDA:1485,108,1,0
BRF:220
BRH:0
end_of_record
TN:
SF:src/renderer/js/performance-monitor.js
FN:7,(anonymous_0)
FN:32,(anonymous_1)
FN:34,(anonymous_2)
FN:43,(anonymous_3)
FN:70,(anonymous_4)
FN:79,(anonymous_5)
FN:96,(anonymous_6)
FN:98,(anonymous_7)
FN:103,(anonymous_8)
FN:117,(anonymous_9)
FN:124,(anonymous_10)
FN:128,(anonymous_11)
FN:146,(anonymous_12)
FN:154,(anonymous_13)
FN:161,(anonymous_14)
FN:174,(anonymous_15)
FN:177,(anonymous_16)
FN:191,(anonymous_17)
FN:223,(anonymous_18)
FN:240,(anonymous_19)
FN:249,(anonymous_20)
FN:261,(anonymous_21)
FN:282,(anonymous_22)
FN:284,(anonymous_23)
FN:295,(anonymous_24)
FN:308,(anonymous_25)
FN:328,(anonymous_26)
FN:335,(anonymous_27)
FN:361,(anonymous_28)
FN:389,(anonymous_29)
FN:394,(anonymous_30)
FN:406,(anonymous_31)
FN:427,(anonymous_32)
FN:432,(anonymous_33)
FN:456,(anonymous_34)
FN:457,(anonymous_35)
FN:462,(anonymous_36)
FN:471,(anonymous_37)
FN:474,(anonymous_38)
FN:478,(anonymous_39)
FN:490,(anonymous_40)
FN:494,(anonymous_41)
FN:503,(anonymous_42)
FN:505,(anonymous_43)
FN:518,(anonymous_44)
FN:535,(anonymous_45)
FN:542,(anonymous_46)
FN:543,(anonymous_47)
FN:545,(anonymous_48)
FN:561,(anonymous_49)
FN:599,(anonymous_50)
FN:601,(anonymous_51)
FN:617,(anonymous_52)
FN:626,(anonymous_53)
FN:630,(anonymous_54)
FN:634,(anonymous_55)
FN:644,(anonymous_56)
FN:668,(anonymous_57)
FN:675,(anonymous_58)
FN:686,(anonymous_59)
FN:694,(anonymous_60)
FN:700,(anonymous_61)
FNF:62
FNH:0
FNDA:0,(anonymous_0)
FNDA:0,(anonymous_1)
FNDA:0,(anonymous_2)
FNDA:0,(anonymous_3)
FNDA:0,(anonymous_4)
FNDA:0,(anonymous_5)
FNDA:0,(anonymous_6)
FNDA:0,(anonymous_7)
FNDA:0,(anonymous_8)
FNDA:0,(anonymous_9)
FNDA:0,(anonymous_10)
FNDA:0,(anonymous_11)
FNDA:0,(anonymous_12)
FNDA:0,(anonymous_13)
FNDA:0,(anonymous_14)
FNDA:0,(anonymous_15)
FNDA:0,(anonymous_16)
FNDA:0,(anonymous_17)
FNDA:0,(anonymous_18)
FNDA:0,(anonymous_19)
FNDA:0,(anonymous_20)
FNDA:0,(anonymous_21)
FNDA:0,(anonymous_22)
FNDA:0,(anonymous_23)
FNDA:0,(anonymous_24)
FNDA:0,(anonymous_25)
FNDA:0,(anonymous_26)
FNDA:0,(anonymous_27)
FNDA:0,(anonymous_28)
FNDA:0,(anonymous_29)
FNDA:0,(anonymous_30)
FNDA:0,(anonymous_31)
FNDA:0,(anonymous_32)
FNDA:0,(anonymous_33)
FNDA:0,(anonymous_34)
FNDA:0,(anonymous_35)
FNDA:0,(anonymous_36)
FNDA:0,(anonymous_37)
FNDA:0,(anonymous_38)
FNDA:0,(anonymous_39)
FNDA:0,(anonymous_40)
FNDA:0,(anonymous_41)
FNDA:0,(anonymous_42)
FNDA:0,(anonymous_43)
FNDA:0,(anonymous_44)
FNDA:0,(anonymous_45)
FNDA:0,(anonymous_46)
FNDA:0,(anonymous_47)
FNDA:0,(anonymous_48)
FNDA:0,(anonymous_49)
FNDA:0,(anonymous_50)
FNDA:0,(anonymous_51)
FNDA:0,(anonymous_52)
FNDA:0,(anonymous_53)
FNDA:0,(anonymous_54)
FNDA:0,(anonymous_55)
FNDA:0,(anonymous_56)
FNDA:0,(anonymous_57)
FNDA:0,(anonymous_58)
FNDA:0,(anonymous_59)
FNDA:0,(anonymous_60)
FNDA:0,(anonymous_61)
DA:9,0
DA:10,0
DA:11,0
DA:12,0
DA:15,0
DA:16,0
DA:17,0
DA:18,0
DA:21,0
DA:22,0
DA:23,0
DA:25,0
DA:26,0
DA:33,0
DA:34,0
DA:36,0
DA:44,0
DA:47,0
DA:50,0
DA:53,0
DA:56,0
DA:59,0
DA:62,0
DA:64,0
DA:71,0
DA:72,0
DA:73,0
DA:81,0
DA:84,0
DA:87,0
DA:90,0
DA:98,0
DA:99,0
DA:103,0
DA:104,0
DA:108,0
DA:111,0
DA:118,0
DA:119,0
DA:122,0
DA:124,0
DA:125,0
DA:128,0
DA:129,0
DA:130,0
DA:133,0
DA:136,0
DA:137,0
DA:147,0
DA:148,0
DA:151,0
DA:154,0
DA:155,0
DA:156,0
DA:160,0
DA:161,0
DA:162,0
DA:163,0
DA:165,0
DA:166,0
DA:169,0
DA:174,0
DA:175,0
DA:177,0
DA:178,0
DA:180,0
DA:182,0
DA:192,0
DA:202,0
DA:205,0
DA:208,0
DA:209,0
DA:213,0
DA:215,0
DA:224,0
DA:225,0
DA:226,0
DA:227,0
DA:228,0
DA:229,0
DA:230,0
DA:231,0
DA:233,0
DA:241,0
DA:244,0
DA:247,0
DA:248,0
DA:249,0
DA:250,0
DA:255,0
DA:262,0
DA:263,0
DA:264,0
DA:279,0
DA:282,0
DA:283,0
DA:284,0
DA:285,0
DA:286,0
DA:296,0
DA:297,0
DA:300,0
DA:301,0
DA:302,0
DA:309,0
DA:310,0
DA:313,0
DA:316,0
DA:317,0
DA:320,0
DA:321,0
DA:329,0
DA:330,0
DA:333,0
DA:335,0
DA:337,0
DA:338,0
DA:340,0
DA:341,0
DA:342,0
DA:343,0
DA:344,0
DA:345,0
DA:346,0
DA:347,0
DA:348,0
DA:349,0
DA:350,0
DA:351,0
DA:354,0
DA:355,0
DA:362,0
DA:363,0
DA:372,0
DA:373,0
DA:374,0
DA:375,0
DA:376,0
DA:378,0
DA:379,0
DA:382,0
DA:383,0
DA:390,0
DA:391,0
DA:392,0
DA:394,0
DA:395,0
DA:396,0
DA:398,0
DA:399,0
DA:400,0
DA:402,0
DA:403,0
DA:406,0
DA:408,0
DA:409,0
DA:412,0
DA:413,0
DA:416,0
DA:417,0
DA:421,0
DA:428,0
DA:429,0
DA:432,0
DA:433,0
DA:434,0
DA:436,0
DA:439,0
DA:440,0
DA:445,0
DA:449,0
DA:457,0
DA:458,0
DA:459,0
DA:462,0
DA:463,0
DA:464,0
DA:474,0
DA:475,0
DA:478,0
DA:479,0
DA:480,0
DA:481,0
DA:482,0
DA:492,0
DA:494,0
DA:495,0
DA:496,0
DA:497,0
DA:503,0
DA:504,0
DA:505,0
DA:506,0
DA:507,0
DA:508,0
DA:509,0
DA:519,0
DA:528,0
DA:529,0
DA:536,0
DA:537,0
DA:540,0
DA:541,0
DA:542,0
DA:543,0
DA:544,0
DA:545,0
DA:548,0
DA:562,0
DA:563,0
DA:565,0
DA:566,0
DA:579,0
DA:580,0
DA:593,0
DA:601,0
DA:602,0
DA:603,0
DA:604,0
DA:607,0
DA:608,0
DA:618,0
DA:627,0
DA:631,0
DA:635,0
DA:636,0
DA:637,0
DA:638,0
DA:640,0
DA:645,0
DA:669,0
DA:676,0
DA:687,0
DA:688,0
DA:695,0
DA:700,0
DA:701,0
DA:702,0
LF:238
LH:0
BRDA:33,0,0,0
BRDA:33,0,1,0
BRDA:118,1,0,0
BRDA:118,1,1,0
BRDA:136,2,0,0
BRDA:136,2,1,0
BRDA:147,3,0,0
BRDA:147,3,1,0
BRDA:155,4,0,0
BRDA:155,4,1,0
BRDA:165,5,0,0
BRDA:165,5,1,0
BRDA:180,6,0,0
BRDA:180,6,1,0
BRDA:191,7,0,0
BRDA:208,8,0,0
BRDA:208,8,1,0
BRDA:224,9,0,0
BRDA:224,9,1,0
BRDA:226,10,0,0
BRDA:226,10,1,0
BRDA:228,11,0,0
BRDA:228,11,1,0
BRDA:230,12,0,0
BRDA:230,12,1,0
BRDA:247,13,0,0
BRDA:247,13,1,0
BRDA:285,14,0,0
BRDA:285,14,1,0
BRDA:296,15,0,0
BRDA:296,15,1,0
BRDA:309,16,0,0
BRDA:309,16,1,0
BRDA:320,17,0,0
BRDA:320,17,1,0
BRDA:329,18,0,0
BRDA:329,18,1,0
BRDA:340,19,0,0
BRDA:340,19,1,0
BRDA:343,20,0,0
BRDA:343,20,1,0
BRDA:346,21,0,0
BRDA:346,21,1,0
BRDA:349,22,0,0
BRDA:349,22,1,0
BRDA:362,23,0,0
BRDA:362,23,1,0
BRDA:378,24,0,0
BRDA:378,24,1,0
BRDA:398,25,0,0
BRDA:398,25,1,0
BRDA:402,26,0,0
BRDA:402,26,1,0
BRDA:408,27,0,0
BRDA:408,27,1,0
BRDA:416,28,0,0
BRDA:416,28,1,0
BRDA:428,29,0,0
BRDA:428,29,1,0
BRDA:439,30,0,0
BRDA:439,30,1,0
BRDA:479,31,0,0
BRDA:479,31,1,0
BRDA:495,32,0,0
BRDA:495,32,1,0
BRDA:506,33,0,0
BRDA:506,33,1,0
BRDA:506,34,0,0
BRDA:506,34,1,0
BRDA:536,35,0,0
BRDA:536,35,1,0
BRDA:565,36,0,0
BRDA:565,36,1,0
BRDA:579,37,0,0
BRDA:579,37,1,0
BRDA:602,38,0,0
BRDA:602,38,1,0
BRDA:607,39,0,0
BRDA:607,39,1,0
BRDA:619,40,0,0
BRDA:619,40,1,0
BRDA:619,40,2,0
BRDA:619,40,3,0
BRDA:627,41,0,0
BRDA:627,41,1,0
BRDA:627,41,2,0
BRDA:627,41,3,0
BRDA:635,42,0,0
BRDA:635,42,1,0
BRDA:637,43,0,0
BRDA:637,43,1,0
BRDA:655,44,0,0
BRDA:655,44,1,0
BRDA:688,45,0,0
BRDA:688,45,1,0
BRF:95
BRH:0
end_of_record
TN:
SF:src/renderer/js/replacement-ui.js
FN:15,(anonymous_0)
FN:35,(anonymous_1)
FN:51,(anonymous_2)
FN:76,(anonymous_3)
FN:82,(anonymous_4)
FN:116,(anonymous_5)
FN:120,(anonymous_6)
FN:132,(anonymous_7)
FN:172,(anonymous_8)
FN:176,(anonymous_9)
FN:222,(anonymous_10)
FN:226,(anonymous_11)
FN:269,(anonymous_12)
FN:310,(anonymous_13)
FN:314,(anonymous_14)
FN:320,(anonymous_15)
FN:325,(anonymous_16)
FN:333,(anonymous_17)
FN:337,(anonymous_18)
FN:345,(anonymous_19)
FN:352,(anonymous_20)
FN:399,(anonymous_21)
FN:424,(anonymous_22)
FN:458,(anonymous_23)
FN:461,(anonymous_24)
FN:462,(anonymous_25)
FNF:26
FNH:0
FNDA:0,(anonymous_0)
FNDA:0,(anonymous_1)
FNDA:0,(anonymous_2)
FNDA:0,(anonymous_3)
FNDA:0,(anonymous_4)
FNDA:0,(anonymous_5)
FNDA:0,(anonymous_6)
FNDA:0,(anonymous_7)
FNDA:0,(anonymous_8)
FNDA:0,(anonymous_9)
FNDA:0,(anonymous_10)
FNDA:0,(anonymous_11)
FNDA:0,(anonymous_12)
FNDA:0,(anonymous_13)
FNDA:0,(anonymous_14)
FNDA:0,(anonymous_15)
FNDA:0,(anonymous_16)
FNDA:0,(anonymous_17)
FNDA:0,(anonymous_18)
FNDA:0,(anonymous_19)
FNDA:0,(anonymous_20)
FNDA:0,(anonymous_21)
FNDA:0,(anonymous_22)
FNDA:0,(anonymous_23)
FNDA:0,(anonymous_24)
FNDA:0,(anonymous_25)
DA:16,0
DA:17,0
DA:20,0
DA:23,0
DA:24,0
DA:25,0
DA:26,0
DA:29,0
DA:36,0
DA:37,0
DA:43,0
DA:52,0
DA:54,0
DA:56,0
DA:66,0
DA:69,0
DA:70,0
DA:72,0
DA:73,0
DA:76,0
DA:77,0
DA:82,0
DA:83,0
DA:84,0
DA:85,0
DA:90,0
DA:93,0
DA:94,0
DA:96,0
DA:102,0
DA:104,0
DA:105,0
DA:109,0
DA:117,0
DA:119,0
DA:120,0
DA:121,0
DA:122,0
DA:125,0
DA:127,0
DA:129,0
DA:132,0
DA:134,0
DA:137,0
DA:138,0
DA:142,0
DA:144,0
DA:145,0
DA:147,0
DA:155,0
DA:156,0
DA:159,0
DA:160,0
DA:165,0
DA:173,0
DA:175,0
DA:176,0
DA:177,0
DA:178,0
DA:182,0
DA:185,0
DA:186,0
DA:187,0
DA:188,0
DA:189,0
DA:193,0
DA:197,0
DA:199,0
DA:200,0
DA:202,0
DA:209,0
DA:210,0
DA:215,0
DA:223,0
DA:225,0
DA:226,0
DA:227,0
DA:228,0
DA:232,0
DA:235,0
DA:236,0
DA:240,0
DA:241,0
DA:244,0
DA:245,0
DA:247,0
DA:255,0
DA:256,0
DA:262,0
DA:270,0
DA:271,0
DA:272,0
DA:274,0
DA:302,0
DA:304,0
DA:312,0
DA:313,0
DA:314,0
DA:318,0
DA:319,0
DA:320,0
DA:321,0
DA:325,0
DA:326,0
DA:331,0
DA:332,0
DA:333,0
DA:334,0
DA:337,0
DA:338,0
DA:343,0
DA:344,0
DA:345,0
DA:353,0
DA:354,0
DA:355,0
DA:358,0
DA:359,0
DA:360,0
DA:363,0
DA:364,0
DA:365,0
DA:368,0
DA:369,0
DA:370,0
DA:371,0
DA:372,0
DA:373,0
DA:374,0
DA:376,0
DA:377,0
DA:378,0
DA:379,0
DA:384,0
DA:386,0
DA:387,0
DA:388,0
DA:390,0
DA:393,0
DA:400,0
DA:402,0
DA:406,0
DA:410,0
DA:411,0
DA:417,0
DA:425,0
DA:427,0
DA:429,0
DA:432,0
DA:433,0
DA:434,0
DA:438,0
DA:440,0
DA:441,0
DA:443,0
DA:448,0
DA:451,0
DA:459,0
DA:461,0
DA:462,0
DA:468,0
DA:469,0
DA:473,0
DA:474,0
LF:164
LH:0
BRDA:24,0,0,0
BRDA:24,0,1,0
BRDA:35,1,0,0
BRDA:36,2,0,0
BRDA:36,2,1,0
BRDA:43,3,0,0
BRDA:43,3,1,0
BRDA:51,4,0,0
BRDA:58,5,0,0
BRDA:58,5,1,0
BRDA:59,6,0,0
BRDA:59,6,1,0
BRDA:60,7,0,0
BRDA:60,7,1,0
BRDA:61,8,0,0
BRDA:61,8,1,0
BRDA:72,9,0,0
BRDA:72,9,1,0
BRDA:84,10,0,0
BRDA:84,10,1,0
BRDA:121,11,0,0
BRDA:121,11,1,0
BRDA:127,12,0,0
BRDA:127,12,1,0
BRDA:137,13,0,0
BRDA:137,13,1,0
BRDA:177,14,0,0
BRDA:177,14,1,0
BRDA:186,15,0,0
BRDA:186,15,1,0
BRDA:188,16,0,0
BRDA:188,16,1,0
BRDA:227,17,0,0
BRDA:227,17,1,0
BRDA:235,18,0,0
BRDA:235,18,1,0
BRDA:235,19,0,0
BRDA:235,19,1,0
BRDA:240,20,0,0
BRDA:240,20,1,0
BRDA:240,21,0,0
BRDA:240,21,1,0
BRDA:276,22,0,0
BRDA:276,22,1,0
BRDA:313,23,0,0
BRDA:313,23,1,0
BRDA:319,24,0,0
BRDA:319,24,1,0
BRDA:332,25,0,0
BRDA:332,25,1,0
BRDA:344,26,0,0
BRDA:344,26,1,0
BRDA:354,27,0,0
BRDA:354,27,1,0
BRDA:359,28,0,0
BRDA:359,28,1,0
BRDA:368,29,0,0
BRDA:368,29,1,0
BRDA:369,30,0,0
BRDA:369,30,1,0
BRDA:369,31,0,0
BRDA:369,31,1,0
BRDA:372,32,0,0
BRDA:372,32,1,0
BRDA:376,33,0,0
BRDA:376,33,1,0
BRDA:377,34,0,0
BRDA:377,34,1,0
BRDA:386,35,0,0
BRDA:386,35,1,0
BRDA:390,36,0,0
BRDA:390,36,1,0
BRDA:402,37,0,0
BRDA:402,37,1,0
BRDA:403,38,0,0
BRDA:403,38,1,0
BRDA:410,39,0,0
BRDA:410,39,1,0
BRDA:433,40,0,0
BRDA:433,40,1,0
BRDA:462,41,0,0
BRDA:462,41,1,0
BRDA:462,41,2,0
BRDA:468,42,0,0
BRDA:468,42,1,0
BRDA:473,43,0,0
BRDA:473,43,1,0
BRDA:473,44,0,0
BRDA:473,44,1,0
BRF:89
BRH:0
end_of_record
TN:
SF:src/renderer/js/template-manager.js
FN:15,(anonymous_0)
FN:42,(anonymous_1)
FN:57,(anonymous_2)
FN:141,(anonymous_3)
FN:147,(anonymous_4)
FN:154,(anonymous_5)
FN:184,(anonymous_6)
FN:193,(anonymous_7)
FN:215,(anonymous_8)
FN:223,(anonymous_9)
FN:228,(anonymous_10)
FN:241,(anonymous_11)
FN:251,(anonymous_12)
FN:267,(anonymous_13)
FN:284,(anonymous_14)
FN:295,(anonymous_15)
FN:306,(anonymous_16)
FN:316,(anonymous_17)
FN:327,(anonymous_18)
FN:355,(anonymous_19)
FN:378,(anonymous_20)
FN:437,(anonymous_21)
FN:477,(anonymous_22)
FN:487,(anonymous_23)
FN:518,(anonymous_24)
FN:534,(anonymous_25)
FN:563,(anonymous_26)
FN:564,(anonymous_27)
FN:578,(anonymous_28)
FN:606,(anonymous_29)
FN:615,(anonymous_30)
FN:639,(anonymous_31)
FN:643,(anonymous_32)
FN:644,(anonymous_33)
FN:647,(anonymous_34)
FNF:35
FNH:0
FNDA:0,(anonymous_0)
FNDA:0,(anonymous_1)
FNDA:0,(anonymous_2)
FNDA:0,(anonymous_3)
FNDA:0,(anonymous_4)
FNDA:0,(anonymous_5)
FNDA:0,(anonymous_6)
FNDA:0,(anonymous_7)
FNDA:0,(anonymous_8)
FNDA:0,(anonymous_9)
FNDA:0,(anonymous_10)
FNDA:0,(anonymous_11)
FNDA:0,(anonymous_12)
FNDA:0,(anonymous_13)
FNDA:0,(anonymous_14)
FNDA:0,(anonymous_15)
FNDA:0,(anonymous_16)
FNDA:0,(anonymous_17)
FNDA:0,(anonymous_18)
FNDA:0,(anonymous_19)
FNDA:0,(anonymous_20)
FNDA:0,(anonymous_21)
FNDA:0,(anonymous_22)
FNDA:0,(anonymous_23)
FNDA:0,(anonymous_24)
FNDA:0,(anonymous_25)
FNDA:0,(anonymous_26)
FNDA:0,(anonymous_27)
FNDA:0,(anonymous_28)
FNDA:0,(anonymous_29)
FNDA:0,(anonymous_30)
FNDA:0,(anonymous_31)
FNDA:0,(anonymous_32)
FNDA:0,(anonymous_33)
FNDA:0,(anonymous_34)
DA:16,0
DA:17,0
DA:18,0
DA:19,0
DA:22,0
DA:25,0
DA:26,0
DA:27,0
DA:28,0
DA:32,0
DA:33,0
DA:34,0
DA:36,0
DA:43,0
DA:44,0
DA:50,0
DA:58,0
DA:141,0
DA:142,0
DA:145,0
DA:147,0
DA:155,0
DA:156,0
DA:157,0
DA:158,0
DA:159,0
DA:163,0
DA:164,0
DA:165,0
DA:169,0
DA:173,0
DA:176,0
DA:177,0
DA:185,0
DA:186,0
DA:187,0
DA:194,0
DA:195,0
DA:196,0
DA:197,0
DA:201,0
DA:204,0
DA:215,0
DA:216,0
DA:217,0
DA:218,0
DA:223,0
DA:224,0
DA:225,0
DA:226,0
DA:228,0
DA:229,0
DA:230,0
DA:231,0
DA:232,0
DA:233,0
DA:236,0
DA:241,0
DA:242,0
DA:245,0
DA:252,0
DA:253,0
DA:254,0
DA:257,0
DA:259,0
DA:260,0
DA:261,0
DA:262,0
DA:263,0
DA:264,0
DA:267,0
DA:268,0
DA:269,0
DA:270,0
DA:283,0
DA:284,0
DA:285,0
DA:288,0
DA:296,0
DA:297,0
DA:298,0
DA:302,0
DA:304,0
DA:306,0
DA:307,0
DA:308,0
DA:309,0
DA:312,0
DA:313,0
DA:314,0
DA:315,0
DA:316,0
DA:317,0
DA:320,0
DA:328,0
DA:329,0
DA:331,0
DA:332,0
DA:335,0
DA:336,0
DA:339,0
DA:341,0
DA:342,0
DA:344,0
DA:348,0
DA:356,0
DA:358,0
DA:359,0
DA:360,0
DA:361,0
DA:365,0
DA:366,0
DA:367,0
DA:368,0
DA:373,0
DA:374,0
DA:378,0
DA:379,0
DA:386,0
DA:387,0
DA:392,0
DA:393,0
DA:394,0
DA:395,0
DA:400,0
DA:402,0
DA:403,0
DA:405,0
DA:414,0
DA:415,0
DA:421,0
DA:422,0
DA:428,0
DA:429,0
DA:438,0
DA:440,0
DA:441,0
DA:442,0
DA:443,0
DA:447,0
DA:449,0
DA:450,0
DA:452,0
DA:459,0
DA:460,0
DA:463,0
DA:468,0
DA:469,0
DA:478,0
DA:480,0
DA:487,0
DA:490,0
DA:493,0
DA:494,0
DA:498,0
DA:501,0
DA:503,0
DA:508,0
DA:511,0
DA:519,0
DA:520,0
DA:521,0
DA:524,0
DA:527,0
DA:535,0
DA:537,0
DA:548,0
DA:549,0
DA:551,0
DA:557,0
DA:564,0
DA:567,0
DA:571,0
DA:579,0
DA:580,0
DA:583,0
DA:584,0
DA:585,0
DA:586,0
DA:587,0
DA:588,0
DA:590,0
DA:591,0
DA:593,0
DA:594,0
DA:596,0
DA:597,0
DA:599,0
DA:600,0
DA:603,0
DA:607,0
DA:608,0
DA:609,0
DA:616,0
DA:618,0
DA:622,0
DA:625,0
DA:626,0
DA:632,0
DA:640,0
DA:644,0
DA:648,0
DA:653,0
DA:654,0
DA:658,0
DA:659,0
LF:206
LH:0
BRDA:26,0,0,0
BRDA:26,0,1,0
BRDA:42,1,0,0
BRDA:43,2,0,0
BRDA:43,2,1,0
BRDA:50,3,0,0
BRDA:50,3,1,0
BRDA:156,4,0,0
BRDA:156,4,1,0
BRDA:156,5,0,0
BRDA:156,5,1,0
BRDA:158,6,0,0
BRDA:158,6,1,0
BRDA:159,7,0,0
BRDA:159,7,1,0
BRDA:164,8,0,0
BRDA:164,8,1,0
BRDA:195,9,0,0
BRDA:195,9,1,0
BRDA:216,10,0,0
BRDA:216,10,1,0
BRDA:217,11,0,0
BRDA:217,11,1,0
BRDA:224,12,0,0
BRDA:224,12,1,0
BRDA:231,13,0,0
BRDA:231,13,1,0
BRDA:253,14,0,0
BRDA:253,14,1,0
BRDA:259,15,0,0
BRDA:259,15,1,0
BRDA:272,16,0,0
BRDA:272,16,1,0
BRDA:297,17,0,0
BRDA:297,17,1,0
BRDA:308,18,0,0
BRDA:308,18,1,0
BRDA:331,19,0,0
BRDA:331,19,1,0
BRDA:331,20,0,0
BRDA:331,20,1,0
BRDA:360,21,0,0
BRDA:360,21,1,0
BRDA:365,22,0,0
BRDA:365,22,1,0
BRDA:367,23,0,0
BRDA:367,23,1,0
BRDA:373,24,0,0
BRDA:373,24,1,0
BRDA:383,25,0,0
BRDA:383,25,1,0
BRDA:386,26,0,0
BRDA:386,26,1,0
BRDA:392,27,0,0
BRDA:392,27,1,0
BRDA:394,28,0,0
BRDA:394,28,1,0
BRDA:414,29,0,0
BRDA:414,29,1,0
BRDA:428,30,0,0
BRDA:428,30,1,0
BRDA:442,31,0,0
BRDA:442,31,1,0
BRDA:454,32,0,0
BRDA:454,32,1,0
BRDA:459,33,0,0
BRDA:459,33,1,0
BRDA:468,34,0,0
BRDA:468,34,1,0
BRDA:483,35,0,0
BRDA:483,35,1,0
BRDA:493,36,0,0
BRDA:493,36,1,0
BRDA:520,37,0,0
BRDA:520,37,1,0
BRDA:520,38,0,0
BRDA:520,38,1,0
BRDA:543,39,0,0
BRDA:543,39,1,0
BRDA:579,40,0,0
BRDA:579,40,1,0
BRDA:590,41,0,0
BRDA:590,41,1,0
BRDA:593,42,0,0
BRDA:593,42,1,0
BRDA:596,43,0,0
BRDA:596,43,1,0
BRDA:599,44,0,0
BRDA:599,44,1,0
BRDA:607,45,0,0
BRDA:607,45,1,0
BRDA:608,46,0,0
BRDA:608,46,1,0
BRDA:618,47,0,0
BRDA:618,47,1,0
BRDA:619,48,0,0
BRDA:619,48,1,0
BRDA:625,49,0,0
BRDA:625,49,1,0
BRDA:653,50,0,0
BRDA:653,50,1,0
BRDA:658,51,0,0
BRDA:658,51,1,0
BRDA:658,52,0,0
BRDA:658,52,1,0
BRF:105
BRH:0
end_of_record
TN:
SF:src/renderer/js/theme-switcher.js
FN:7,(anonymous_0)
FN:39,(anonymous_1)
FN:41,(anonymous_2)
FN:50,(anonymous_3)
FN:75,(anonymous_4)
FN:92,(anonymous_5)
FN:94,(anonymous_6)
FN:98,(anonymous_7)
FN:109,(anonymous_8)
FN:119,(anonymous_9)
FN:127,(anonymous_10)
FN:142,(anonymous_11)
FN:173,(anonymous_12)
FN:189,(anonymous_13)
FN:210,(anonymous_14)
FN:219,(anonymous_15)
FN:221,(anonymous_16)
FN:232,(anonymous_17)
FN:240,(anonymous_18)
FN:248,(anonymous_19)
FN:258,(anonymous_20)
FN:266,(anonymous_21)
FN:285,(anonymous_22)
FN:295,(anonymous_23)
FN:307,(anonymous_24)
FN:328,(anonymous_25)
FN:341,(anonymous_26)
FN:348,(anonymous_27)
FN:355,(anonymous_28)
FN:362,(anonymous_29)
FN:369,(anonymous_30)
FN:376,(anonymous_31)
FN:383,(anonymous_32)
FN:390,(anonymous_33)
FN:405,(anonymous_34)
FN:419,(anonymous_35)
FN:434,(anonymous_36)
FNF:37
FNH:0
FNDA:0,(anonymous_0)
FNDA:0,(anonymous_1)
FNDA:0,(anonymous_2)
FNDA:0,(anonymous_3)
FNDA:0,(anonymous_4)
FNDA:0,(anonymous_5)
FNDA:0,(anonymous_6)
FNDA:0,(anonymous_7)
FNDA:0,(anonymous_8)
FNDA:0,(anonymous_9)
FNDA:0,(anonymous_10)
FNDA:0,(anonymous_11)
FNDA:0,(anonymous_12)
FNDA:0,(anonymous_13)
FNDA:0,(anonymous_14)
FNDA:0,(anonymous_15)
FNDA:0,(anonymous_16)
FNDA:0,(anonymous_17)
FNDA:0,(anonymous_18)
FNDA:0,(anonymous_19)
FNDA:0,(anonymous_20)
FNDA:0,(anonymous_21)
FNDA:0,(anonymous_22)
FNDA:0,(anonymous_23)
FNDA:0,(anonymous_24)
FNDA:0,(anonymous_25)
FNDA:0,(anonymous_26)
FNDA:0,(anonymous_27)
FNDA:0,(anonymous_28)
FNDA:0,(anonymous_29)
FNDA:0,(anonymous_30)
FNDA:0,(anonymous_31)
FNDA:0,(anonymous_32)
FNDA:0,(anonymous_33)
FNDA:0,(anonymous_34)
FNDA:0,(anonymous_35)
FNDA:0,(anonymous_36)
DA:9,0
DA:16,0
DA:23,0
DA:24,0
DA:25,0
DA:28,0
DA:29,0
DA:30,0
DA:32,0
DA:33,0
DA:40,0
DA:41,0
DA:43,0
DA:51,0
DA:54,0
DA:57,0
DA:60,0
DA:63,0
DA:66,0
DA:68,0
DA:69,0
DA:76,0
DA:77,0
DA:78,0
DA:80,0
DA:81,0
DA:84,0
DA:85,0
DA:93,0
DA:94,0
DA:98,0
DA:99,0
DA:100,0
DA:101,0
DA:110,0
DA:111,0
DA:113,0
DA:120,0
DA:121,0
DA:124,0
DA:127,0
DA:128,0
DA:129,0
DA:132,0
DA:133,0
DA:143,0
DA:146,0
DA:149,0
DA:152,0
DA:153,0
DA:157,0
DA:161,0
DA:162,0
DA:164,0
DA:167,0
DA:174,0
DA:176,0
DA:178,0
DA:180,0
DA:182,0
DA:190,0
DA:191,0
DA:194,0
DA:195,0
DA:198,0
DA:201,0
DA:204,0
DA:207,0
DA:210,0
DA:211,0
DA:212,0
DA:221,0
DA:222,0
DA:226,0
DA:233,0
DA:234,0
DA:239,0
DA:240,0
DA:241,0
DA:249,0
DA:252,0
DA:259,0
DA:260,0
DA:268,0
DA:277,0
DA:279,0
DA:286,0
DA:287,0
DA:289,0
DA:296,0
DA:297,0
DA:298,0
DA:300,0
DA:308,0
DA:309,0
DA:311,0
DA:312,0
DA:313,0
DA:316,0
DA:317,0
DA:320,0
DA:321,0
DA:329,0
DA:330,0
DA:331,0
DA:334,0
DA:335,0
DA:342,0
DA:349,0
DA:356,0
DA:363,0
DA:370,0
DA:377,0
DA:384,0
DA:391,0
DA:392,0
DA:393,0
DA:394,0
DA:395,0
DA:397,0
DA:398,0
DA:406,0
DA:420,0
DA:431,0
DA:434,0
DA:435,0
LF:126
LH:0
BRDA:40,0,0,0
BRDA:40,0,1,0
BRDA:80,1,0,0
BRDA:80,1,1,0
BRDA:84,2,0,0
BRDA:84,2,1,0
BRDA:93,3,0,0
BRDA:93,3,1,0
BRDA:99,4,0,0
BRDA:99,4,1,0
BRDA:99,5,0,0
BRDA:99,5,1,0
BRDA:99,5,2,0
BRDA:99,5,3,0
BRDA:110,6,0,0
BRDA:110,6,1,0
BRDA:110,7,0,0
BRDA:110,7,1,0
BRDA:120,8,0,0
BRDA:120,8,1,0
BRDA:124,9,0,0
BRDA:124,9,1,0
BRDA:128,10,0,0
BRDA:128,10,1,0
BRDA:132,11,0,0
BRDA:132,11,1,0
BRDA:153,12,0,0
BRDA:153,12,1,0
BRDA:154,13,0,0
BRDA:154,13,1,0
BRDA:161,14,0,0
BRDA:161,14,1,0
BRDA:174,15,0,0
BRDA:174,15,1,0
BRDA:174,15,2,0
BRDA:174,15,3,0
BRDA:190,16,0,0
BRDA:190,16,1,0
BRDA:233,17,0,0
BRDA:233,17,1,0
BRDA:286,18,0,0
BRDA:286,18,1,0
BRDA:311,19,0,0
BRDA:311,19,1,0
BRDA:311,20,0,0
BRDA:311,20,1,0
BRDA:329,21,0,0
BRDA:329,21,1,0
BRF:48
BRH:0
end_of_record
TN:
SF:src/renderer/js/ui-controller.js
FN:7,(anonymous_0)
FN:32,(anonymous_1)
FN:35,(anonymous_2)
FN:44,(anonymous_3)
FN:72,(anonymous_4)
FN:121,(anonymous_5)
FN:128,(anonymous_6)
FN:141,(anonymous_7)
FN:143,(anonymous_8)
FN:154,(anonymous_9)
FN:155,(anonymous_10)
FN:159,(anonymous_11)
FN:160,(anonymous_12)
FN:166,(anonymous_13)
FN:172,(anonymous_14)
FN:178,(anonymous_15)
FN:183,(anonymous_16)
FN:192,(anonymous_17)
FN:204,(anonymous_18)
FN:205,(anonymous_19)
FN:231,(anonymous_20)
FN:297,(anonymous_21)
FN:332,(anonymous_22)
FN:340,(anonymous_23)
FN:375,(anonymous_24)
FN:396,(anonymous_25)
FN:413,(anonymous_26)
FN:419,(anonymous_27)
FN:420,(anonymous_28)
FN:429,(anonymous_29)
FN:439,(anonymous_30)
FN:458,(anonymous_31)
FN:464,(anonymous_32)
FN:468,(anonymous_33)
FN:478,(anonymous_34)
FN:482,(anonymous_35)
FN:486,(anonymous_36)
FN:490,(anonymous_37)
FN:497,(anonymous_38)
FN:558,(anonymous_39)
FN:594,(anonymous_40)
FN:604,(anonymous_41)
FN:620,(anonymous_42)
FN:624,(anonymous_43)
FN:635,(anonymous_44)
FN:641,(anonymous_45)
FN:663,(anonymous_46)
FN:677,(anonymous_47)
FN:700,(anonymous_48)
FN:726,(anonymous_49)
FN:734,(anonymous_50)
FN:742,(anonymous_51)
FN:759,(anonymous_52)
FN:767,(anonymous_53)
FN:781,(anonymous_54)
FN:789,(anonymous_55)
FN:802,(anonymous_56)
FN:817,(anonymous_57)
FN:831,(anonymous_58)
FN:860,(anonymous_59)
FN:861,(anonymous_60)
FN:864,(anonymous_61)
FN:865,(anonymous_62)
FN:868,(anonymous_63)
FN:876,(anonymous_64)
FN:894,(anonymous_65)
FN:909,(anonymous_66)
FN:925,(anonymous_67)
FN:926,(anonymous_68)
FN:937,(anonymous_69)
FN:945,(anonymous_70)
FN:946,(anonymous_71)
FN:955,(anonymous_72)
FN:961,(anonymous_73)
FN:983,(anonymous_74)
FN:1000,(anonymous_75)
FN:1036,(anonymous_76)
FN:1060,(anonymous_77)
FN:1085,(anonymous_78)
FN:1109,(anonymous_79)
FN:1154,(anonymous_80)
FN:1164,(anonymous_81)
FN:1194,(anonymous_82)
FN:1205,(anonymous_83)
FN:1208,(anonymous_84)
FN:1233,(anonymous_85)
FN:1240,(anonymous_86)
FN:1243,(anonymous_87)
FN:1248,(anonymous_88)
FN:1251,(anonymous_89)
FN:1258,(anonymous_90)
FN:1266,(anonymous_91)
FN:1274,(anonymous_92)
FN:1281,(anonymous_93)
FN:1282,(anonymous_94)
FN:1288,(anonymous_95)
FN:1290,(anonymous_96)
FN:1299,(anonymous_97)
FN:1315,(anonymous_98)
FN:1326,(anonymous_99)
FN:1345,(anonymous_100)
FN:1347,(anonymous_101)
FN:1350,(anonymous_102)
FN:1358,(anonymous_103)
FN:1377,(anonymous_104)
FN:1379,(anonymous_105)
FN:1382,(anonymous_106)
FN:1390,(anonymous_107)
FN:1404,(anonymous_108)
FN:1406,executedFunction
FN:1407,(anonymous_110)
FN:1419,(anonymous_111)
FN:1431,(anonymous_112)
FN:1445,(anonymous_113)
FN:1458,(anonymous_114)
FN:1472,(anonymous_115)
FNF:116
FNH:0
FNDA:0,(anonymous_0)
FNDA:0,(anonymous_1)
FNDA:0,(anonymous_2)
FNDA:0,(anonymous_3)
FNDA:0,(anonymous_4)
FNDA:0,(anonymous_5)
FNDA:0,(anonymous_6)
FNDA:0,(anonymous_7)
FNDA:0,(anonymous_8)
FNDA:0,(anonymous_9)
FNDA:0,(anonymous_10)
FNDA:0,(anonymous_11)
FNDA:0,(anonymous_12)
FNDA:0,(anonymous_13)
FNDA:0,(anonymous_14)
FNDA:0,(anonymous_15)
FNDA:0,(anonymous_16)
FNDA:0,(anonymous_17)
FNDA:0,(anonymous_18)
FNDA:0,(anonymous_19)
FNDA:0,(anonymous_20)
FNDA:0,(anonymous_21)
FNDA:0,(anonymous_22)
FNDA:0,(anonymous_23)
FNDA:0,(anonymous_24)
FNDA:0,(anonymous_25)
FNDA:0,(anonymous_26)
FNDA:0,(anonymous_27)
FNDA:0,(anonymous_28)
FNDA:0,(anonymous_29)
FNDA:0,(anonymous_30)
FNDA:0,(anonymous_31)
FNDA:0,(anonymous_32)
FNDA:0,(anonymous_33)
FNDA:0,(anonymous_34)
FNDA:0,(anonymous_35)
FNDA:0,(anonymous_36)
FNDA:0,(anonymous_37)
FNDA:0,(anonymous_38)
FNDA:0,(anonymous_39)
FNDA:0,(anonymous_40)
FNDA:0,(anonymous_41)
FNDA:0,(anonymous_42)
FNDA:0,(anonymous_43)
FNDA:0,(anonymous_44)
FNDA:0,(anonymous_45)
FNDA:0,(anonymous_46)
FNDA:0,(anonymous_47)
FNDA:0,(anonymous_48)
FNDA:0,(anonymous_49)
FNDA:0,(anonymous_50)
FNDA:0,(anonymous_51)
FNDA:0,(anonymous_52)
FNDA:0,(anonymous_53)
FNDA:0,(anonymous_54)
FNDA:0,(anonymous_55)
FNDA:0,(anonymous_56)
FNDA:0,(anonymous_57)
FNDA:0,(anonymous_58)
FNDA:0,(anonymous_59)
FNDA:0,(anonymous_60)
FNDA:0,(anonymous_61)
FNDA:0,(anonymous_62)
FNDA:0,(anonymous_63)
FNDA:0,(anonymous_64)
FNDA:0,(anonymous_65)
FNDA:0,(anonymous_66)
FNDA:0,(anonymous_67)
FNDA:0,(anonymous_68)
FNDA:0,(anonymous_69)
FNDA:0,(anonymous_70)
FNDA:0,(anonymous_71)
FNDA:0,(anonymous_72)
FNDA:0,(anonymous_73)
FNDA:0,(anonymous_74)
FNDA:0,(anonymous_75)
FNDA:0,(anonymous_76)
FNDA:0,(anonymous_77)
FNDA:0,(anonymous_78)
FNDA:0,(anonymous_79)
FNDA:0,(anonymous_80)
FNDA:0,(anonymous_81)
FNDA:0,(anonymous_82)
FNDA:0,(anonymous_83)
FNDA:0,(anonymous_84)
FNDA:0,(anonymous_85)
FNDA:0,(anonymous_86)
FNDA:0,(anonymous_87)
FNDA:0,(anonymous_88)
FNDA:0,(anonymous_89)
FNDA:0,(anonymous_90)
FNDA:0,(anonymous_91)
FNDA:0,(anonymous_92)
FNDA:0,(anonymous_93)
FNDA:0,(anonymous_94)
FNDA:0,(anonymous_95)
FNDA:0,(anonymous_96)
FNDA:0,(anonymous_97)
FNDA:0,(anonymous_98)
FNDA:0,(anonymous_99)
FNDA:0,(anonymous_100)
FNDA:0,(anonymous_101)
FNDA:0,(anonymous_102)
FNDA:0,(anonymous_103)
FNDA:0,(anonymous_104)
FNDA:0,(anonymous_105)
FNDA:0,(anonymous_106)
FNDA:0,(anonymous_107)
FNDA:0,(anonymous_108)
FNDA:0,executedFunction
FNDA:0,(anonymous_110)
FNDA:0,(anonymous_111)
FNDA:0,(anonymous_112)
FNDA:0,(anonymous_113)
FNDA:0,(anonymous_114)
FNDA:0,(anonymous_115)
DA:9,0
DA:10,0
DA:11,0
DA:12,0
DA:13,0
DA:14,0
DA:17,0
DA:18,0
DA:21,0
DA:22,0
DA:23,0
DA:25,0
DA:26,0
DA:34,0
DA:35,0
DA:37,0
DA:45,0
DA:48,0
DA:51,0
DA:54,0
DA:55,0
DA:58,0
DA:61,0
DA:63,0
DA:73,0
DA:75,0
DA:76,0
DA:77,0
DA:79,0
DA:83,0
DA:84,0
DA:85,0
DA:87,0
DA:91,0
DA:92,0
DA:93,0
DA:95,0
DA:99,0
DA:100,0
DA:108,0
DA:109,0
DA:110,0
DA:123,0
DA:126,0
DA:127,0
DA:128,0
DA:132,0
DA:133,0
DA:134,0
DA:138,0
DA:139,0
DA:141,0
DA:143,0
DA:144,0
DA:145,0
DA:146,0
DA:152,0
DA:153,0
DA:154,0
DA:155,0
DA:159,0
DA:160,0
DA:164,0
DA:165,0
DA:166,0
DA:170,0
DA:171,0
DA:172,0
DA:176,0
DA:177,0
DA:178,0
DA:181,0
DA:182,0
DA:183,0
DA:190,0
DA:191,0
DA:192,0
DA:196,0
DA:198,0
DA:205,0
DA:207,0
DA:209,0
DA:210,0
DA:213,0
DA:216,0
DA:217,0
DA:218,0
DA:222,0
DA:223,0
DA:224,0
DA:228,0
DA:229,0
DA:230,0
DA:236,0
DA:238,0
DA:242,0
DA:243,0
DA:244,0
DA:248,0
DA:249,0
DA:250,0
DA:254,0
DA:255,0
DA:256,0
DA:260,0
DA:261,0
DA:262,0
DA:264,0
DA:267,0
DA:271,0
DA:272,0
DA:277,0
DA:278,0
DA:298,0
DA:326,0
DA:334,0
DA:342,0
DA:343,0
DA:344,0
DA:348,0
DA:368,0
DA:371,0
DA:372,0
DA:375,0
DA:376,0
DA:377,0
DA:378,0
DA:381,0
DA:384,0
DA:385,0
DA:398,0
DA:399,0
DA:400,0
DA:401,0
DA:405,0
DA:406,0
DA:407,0
DA:408,0
DA:412,0
DA:413,0
DA:420,0
DA:421,0
DA:422,0
DA:423,0
DA:424,0
DA:425,0
DA:429,0
DA:430,0
DA:431,0
DA:432,0
DA:433,0
DA:434,0
DA:439,0
DA:440,0
DA:441,0
DA:442,0
DA:443,0
DA:444,0
DA:447,0
DA:448,0
DA:450,0
DA:460,0
DA:461,0
DA:463,0
DA:464,0
DA:467,0
DA:468,0
DA:472,0
DA:473,0
DA:474,0
DA:475,0
DA:477,0
DA:478,0
DA:481,0
DA:482,0
DA:485,0
DA:486,0
DA:489,0
DA:490,0
DA:498,0
DA:499,0
DA:500,0
DA:503,0
DA:506,0
DA:507,0
DA:508,0
DA:509,0
DA:510,0
DA:513,0
DA:515,0
DA:516,0
DA:519,0
DA:520,0
DA:523,0
DA:527,0
DA:530,0
DA:531,0
DA:532,0
DA:533,0
DA:534,0
DA:537,0
DA:542,0
DA:545,0
DA:546,0
DA:551,0
DA:559,0
DA:561,0
DA:562,0
DA:564,0
DA:565,0
DA:567,0
DA:571,0
DA:574,0
DA:575,0
DA:576,0
DA:577,0
DA:579,0
DA:580,0
DA:581,0
DA:583,0
DA:586,0
DA:587,0
DA:595,0
DA:596,0
DA:597,0
DA:598,0
DA:605,0
DA:606,0
DA:608,0
DA:609,0
DA:612,0
DA:613,0
DA:621,0
DA:624,0
DA:625,0
DA:626,0
DA:630,0
DA:635,0
DA:642,0
DA:643,0
DA:644,0
DA:647,0
DA:654,0
DA:655,0
DA:657,0
DA:665,0
DA:668,0
DA:669,0
DA:670,0
DA:678,0
DA:680,0
DA:682,0
DA:683,0
DA:687,0
DA:695,0
DA:696,0
DA:697,0
DA:700,0
DA:701,0
DA:702,0
DA:703,0
DA:706,0
DA:707,0
DA:711,0
DA:715,0
DA:716,0
DA:718,0
DA:719,0
DA:727,0
DA:729,0
DA:730,0
DA:734,0
DA:735,0
DA:736,0
DA:739,0
DA:740,0
DA:741,0
DA:742,0
DA:743,0
DA:744,0
DA:745,0
DA:749,0
DA:751,0
DA:752,0
DA:760,0
DA:762,0
DA:763,0
DA:767,0
DA:768,0
DA:769,0
DA:770,0
DA:771,0
DA:774,0
DA:782,0
DA:784,0
DA:785,0
DA:789,0
DA:790,0
DA:791,0
DA:792,0
DA:795,0
DA:803,0
DA:805,0
DA:806,0
DA:810,0
DA:811,0
DA:812,0
DA:815,0
DA:817,0
DA:818,0
DA:819,0
DA:822,0
DA:824,0
DA:832,0
DA:833,0
DA:834,0
DA:836,0
DA:855,0
DA:856,0
DA:857,0
DA:858,0
DA:860,0
DA:861,0
DA:862,0
DA:864,0
DA:865,0
DA:868,0
DA:870,0
DA:877,0
DA:878,0
DA:879,0
DA:882,0
DA:883,0
DA:884,0
DA:891,0
DA:892,0
DA:893,0
DA:894,0
DA:896,0
DA:898,0
DA:901,0
DA:902,0
DA:910,0
DA:911,0
DA:913,0
DA:914,0
DA:917,0
DA:918,0
DA:926,0
DA:927,0
DA:929,0
DA:930,0
DA:938,0
DA:939,0
DA:940,0
DA:943,0
DA:945,0
DA:946,0
DA:956,0
DA:958,0
DA:960,0
DA:965,0
DA:969,0
DA:971,0
DA:972,0
DA:973,0
DA:977,0
DA:978,0
DA:979,0
DA:982,0
DA:983,0
DA:985,0
DA:986,0
DA:987,0
DA:990,0
DA:992,0
DA:993,0
DA:1001,0
DA:1002,0
DA:1003,0
DA:1004,0
DA:1005,0
DA:1006,0
DA:1008,0
DA:1009,0
DA:1012,0
DA:1013,0
DA:1016,0
DA:1017,0
DA:1020,0
DA:1021,0
DA:1024,0
DA:1025,0
DA:1028,0
DA:1029,0
DA:1037,0
DA:1038,0
DA:1040,0
DA:1042,0
DA:1043,0
DA:1044,0
DA:1045,0
DA:1046,0
DA:1049,0
DA:1052,0
DA:1053,0
DA:1061,0
DA:1062,0
DA:1064,0
DA:1066,0
DA:1068,0
DA:1069,0
DA:1070,0
DA:1071,0
DA:1074,0
DA:1077,0
DA:1078,0
DA:1086,0
DA:1088,0
DA:1089,0
DA:1090,0
DA:1094,0
DA:1095,0
DA:1096,0
DA:1100,0
DA:1102,0
DA:1103,0
DA:1105,0
DA:1109,0
DA:1110,0
DA:1117,0
DA:1118,0
DA:1121,0
DA:1125,0
DA:1129,0
DA:1131,0
DA:1132,0
DA:1136,0
DA:1137,0
DA:1140,0
DA:1141,0
DA:1144,0
DA:1146,0
DA:1147,0
DA:1155,0
DA:1164,0
DA:1195,0
DA:1207,0
DA:1208,0
DA:1209,0
DA:1210,0
DA:1212,0
DA:1213,0
DA:1221,0
DA:1222,0
DA:1226,0
DA:1227,0
DA:1234,0
DA:1235,0
DA:1236,0
DA:1237,0
DA:1239,0
DA:1240,0
DA:1242,0
DA:1243,0
DA:1244,0
DA:1247,0
DA:1248,0
DA:1250,0
DA:1251,0
DA:1259,0
DA:1260,0
DA:1261,0
DA:1262,0
DA:1267,0
DA:1268,0
DA:1269,0
DA:1270,0
DA:1275,0
DA:1276,0
DA:1277,0
DA:1279,0
DA:1281,0
DA:1282,0
DA:1284,0
DA:1287,0
DA:1288,0
DA:1290,0
DA:1300,0
DA:1310,0
DA:1311,0
DA:1316,0
DA:1317,0
DA:1318,0
DA:1319,0
DA:1327,0
DA:1330,0
DA:1331,0
DA:1332,0
DA:1341,0
DA:1344,0
DA:1345,0
DA:1347,0
DA:1348,0
DA:1349,0
DA:1350,0
DA:1359,0
DA:1362,0
DA:1363,0
DA:1364,0
DA:1373,0
DA:1376,0
DA:1377,0
DA:1379,0
DA:1380,0
DA:1381,0
DA:1382,0
DA:1391,0
DA:1392,0
DA:1393,0
DA:1394,0
DA:1397,0
DA:1398,0
DA:1406,0
DA:1407,0
DA:1408,0
DA:1409,0
DA:1411,0
DA:1412,0
DA:1420,0
DA:1421,0
DA:1422,0
DA:1424,0
DA:1432,0
DA:1433,0
DA:1434,0
DA:1435,0
DA:1436,0
DA:1438,0
DA:1446,0
DA:1447,0
DA:1448,0
DA:1449,0
DA:1451,0
DA:1459,0
DA:1460,0
DA:1461,0
DA:1462,0
DA:1463,0
DA:1466,0
DA:1472,0
DA:1473,0
DA:1474,0
LF:553
LH:0
BRDA:34,0,0,0
BRDA:34,0,1,0
BRDA:75,1,0,0
BRDA:75,1,1,0
BRDA:83,2,0,0
BRDA:83,2,1,0
BRDA:91,3,0,0
BRDA:91,3,1,0
BRDA:99,4,0,0
BRDA:99,4,1,0
BRDA:109,5,0,0
BRDA:109,5,1,0
BRDA:127,6,0,0
BRDA:127,6,1,0
BRDA:133,7,0,0
BRDA:133,7,1,0
BRDA:139,8,0,0
BRDA:139,8,1,0
BRDA:144,9,0,0
BRDA:144,9,1,0
BRDA:153,10,0,0
BRDA:153,10,1,0
BRDA:165,11,0,0
BRDA:165,11,1,0
BRDA:171,12,0,0
BRDA:171,12,1,0
BRDA:177,13,0,0
BRDA:177,13,1,0
BRDA:182,14,0,0
BRDA:182,14,1,0
BRDA:191,15,0,0
BRDA:191,15,1,0
BRDA:207,16,0,0
BRDA:207,16,1,0
BRDA:209,17,0,0
BRDA:209,17,1,0
BRDA:213,18,0,0
BRDA:213,18,1,0
BRDA:213,18,2,0
BRDA:213,18,3,0
BRDA:213,18,4,0
BRDA:213,18,5,0
BRDA:213,18,6,0
BRDA:213,18,7,0
BRDA:229,19,0,0
BRDA:229,19,1,0
BRDA:260,20,0,0
BRDA:260,20,1,0
BRDA:271,21,0,0
BRDA:271,21,1,0
BRDA:277,22,0,0
BRDA:277,22,1,0
BRDA:334,23,0,0
BRDA:334,23,1,0
BRDA:343,24,0,0
BRDA:343,24,1,0
BRDA:376,25,0,0
BRDA:376,25,1,0
BRDA:384,26,0,0
BRDA:384,26,1,0
BRDA:399,27,0,0
BRDA:399,27,1,0
BRDA:399,28,0,0
BRDA:399,28,1,0
BRDA:406,29,0,0
BRDA:406,29,1,0
BRDA:424,30,0,0
BRDA:424,30,1,0
BRDA:430,31,0,0
BRDA:430,31,1,0
BRDA:433,32,0,0
BRDA:433,32,1,0
BRDA:443,33,0,0
BRDA:443,33,1,0
BRDA:448,34,0,0
BRDA:448,34,1,0
BRDA:448,35,0,0
BRDA:448,35,1,0
BRDA:463,36,0,0
BRDA:463,36,1,0
BRDA:467,37,0,0
BRDA:467,37,1,0
BRDA:477,38,0,0
BRDA:477,38,1,0
BRDA:481,39,0,0
BRDA:481,39,1,0
BRDA:485,40,0,0
BRDA:485,40,1,0
BRDA:489,41,0,0
BRDA:489,41,1,0
BRDA:499,42,0,0
BRDA:499,42,1,0
BRDA:506,43,0,0
BRDA:506,43,1,0
BRDA:523,44,0,0
BRDA:523,44,1,0
BRDA:524,45,0,0
BRDA:524,45,1,0
BRDA:530,46,0,0
BRDA:530,46,1,0
BRDA:530,47,0,0
BRDA:530,47,1,0
BRDA:542,48,0,0
BRDA:542,48,1,0
BRDA:551,49,0,0
BRDA:551,49,1,0
BRDA:567,50,0,0
BRDA:567,50,1,0
BRDA:568,51,0,0
BRDA:568,51,1,0
BRDA:574,52,0,0
BRDA:574,52,1,0
BRDA:574,53,0,0
BRDA:574,53,1,0
BRDA:580,54,0,0
BRDA:580,54,1,0
BRDA:608,55,0,0
BRDA:608,55,1,0
BRDA:612,56,0,0
BRDA:612,56,1,0
BRDA:626,57,0,0
BRDA:626,57,1,0
BRDA:627,58,0,0
BRDA:627,58,1,0
BRDA:643,59,0,0
BRDA:643,59,1,0
BRDA:654,60,0,0
BRDA:654,60,1,0
BRDA:669,61,0,0
BRDA:669,61,1,0
BRDA:682,62,0,0
BRDA:682,62,1,0
BRDA:702,63,0,0
BRDA:702,63,1,0
BRDA:707,64,0,0
BRDA:707,64,1,0
BRDA:708,65,0,0
BRDA:708,65,1,0
BRDA:729,66,0,0
BRDA:729,66,1,0
BRDA:735,67,0,0
BRDA:735,67,1,0
BRDA:740,68,0,0
BRDA:740,68,1,0
BRDA:762,69,0,0
BRDA:762,69,1,0
BRDA:768,70,0,0
BRDA:768,70,1,0
BRDA:784,71,0,0
BRDA:784,71,1,0
BRDA:790,72,0,0
BRDA:790,72,1,0
BRDA:805,73,0,0
BRDA:805,73,1,0
BRDA:811,74,0,0
BRDA:811,74,1,0
BRDA:837,75,0,0
BRDA:837,75,1,0
BRDA:877,76,0,0
BRDA:877,76,1,0
BRDA:891,77,0,0
BRDA:891,77,1,0
BRDA:894,78,0,0
BRDA:894,78,1,0
BRDA:894,78,2,0
BRDA:913,79,0,0
BRDA:913,79,1,0
BRDA:917,80,0,0
BRDA:917,80,1,0
BRDA:926,81,0,0
BRDA:926,81,1,0
BRDA:926,81,2,0
BRDA:929,82,0,0
BRDA:929,82,1,0
BRDA:939,83,0,0
BRDA:939,83,1,0
BRDA:939,84,0,0
BRDA:939,84,1,0
BRDA:958,85,0,0
BRDA:958,85,1,0
BRDA:971,86,0,0
BRDA:971,86,1,0
BRDA:977,87,0,0
BRDA:977,87,1,0
BRDA:983,88,0,0
BRDA:983,88,1,0
BRDA:983,88,2,0
BRDA:985,89,0,0
BRDA:985,89,1,0
BRDA:1008,90,0,0
BRDA:1008,90,1,0
BRDA:1012,91,0,0
BRDA:1012,91,1,0
BRDA:1016,92,0,0
BRDA:1016,92,1,0
BRDA:1020,93,0,0
BRDA:1020,93,1,0
BRDA:1024,94,0,0
BRDA:1024,94,1,0
BRDA:1025,95,0,0
BRDA:1025,95,1,0
BRDA:1028,96,0,0
BRDA:1028,96,1,0
BRDA:1029,97,0,0
BRDA:1029,97,1,0
BRDA:1042,98,0,0
BRDA:1042,98,1,0
BRDA:1045,99,0,0
BRDA:1045,99,1,0
BRDA:1049,100,0,0
BRDA:1049,100,1,0
BRDA:1068,101,0,0
BRDA:1068,101,1,0
BRDA:1070,102,0,0
BRDA:1070,102,1,0
BRDA:1074,103,0,0
BRDA:1074,103,1,0
BRDA:1088,104,0,0
BRDA:1088,104,1,0
BRDA:1095,105,0,0
BRDA:1095,105,1,0
BRDA:1095,106,0,0
BRDA:1095,106,1,0
BRDA:1100,107,0,0
BRDA:1100,107,1,0
BRDA:1102,108,0,0
BRDA:1102,108,1,0
BRDA:1114,109,0,0
BRDA:1114,109,1,0
BRDA:1117,110,0,0
BRDA:1117,110,1,0
BRDA:1131,111,0,0
BRDA:1131,111,1,0
BRDA:1140,112,0,0
BRDA:1140,112,1,0
BRDA:1184,113,0,0
BRDA:1184,113,1,0
BRDA:1212,114,0,0
BRDA:1212,114,1,0
BRDA:1212,115,0,0
BRDA:1212,115,1,0
BRDA:1239,116,0,0
BRDA:1239,116,1,0
BRDA:1242,117,0,0
BRDA:1242,117,1,0
BRDA:1247,118,0,0
BRDA:1247,118,1,0
BRDA:1250,119,0,0
BRDA:1250,119,1,0
BRDA:1260,120,0,0
BRDA:1260,120,1,0
BRDA:1268,121,0,0
BRDA:1268,121,1,0
BRDA:1279,122,0,0
BRDA:1279,122,1,0
BRDA:1279,123,0,0
BRDA:1279,123,1,0
BRDA:1279,123,2,0
BRDA:1297,124,0,0
BRDA:1297,124,1,0
BRDA:1317,125,0,0
BRDA:1317,125,1,0
BRDA:1348,126,0,0
BRDA:1348,126,1,0
BRDA:1380,127,0,0
BRDA:1380,127,1,0
BRDA:1391,128,0,0
BRDA:1391,128,1,0
BRDA:1461,129,0,0
BRDA:1461,129,1,0
BRF:270
BRH:0
end_of_record
